[0.175s] Invoking command in '/workspaces/vscode-docker/build/publisher_example': CMAKE_PREFIX_PATH=${CMAKE_PREFIX_PATH}:/opt/ros/foxy /usr/bin/cmake --build /workspaces/vscode-docker/build/publisher_example -- -j8 -l8
[0.525s] [100%] Built target publisher
[0.572s] Invoked command in '/workspaces/vscode-docker/build/publisher_example' returned '0': CMAKE_PREFIX_PATH=${CMAKE_PREFIX_PATH}:/opt/ros/foxy /usr/bin/cmake --build /workspaces/vscode-docker/build/publisher_example -- -j8 -l8
[0.694s] Invoking command in '/workspaces/vscode-docker/build/publisher_example': CMAKE_PREFIX_PATH=${CMAKE_PREFIX_PATH}:/opt/ros/foxy /usr/bin/cmake --install /workspaces/vscode-docker/build/publisher_example
[0.714s] -- Install configuration: ""
[0.781s] -- Up-to-date: /workspaces/vscode-docker/install/publisher_example/lib/publisher_example/publisher
[0.890s] -- Up-to-date: /workspaces/vscode-docker/install/publisher_example/share/ament_index/resource_index/package_run_dependencies/publisher_example
[0.947s] -- Up-to-date: /workspaces/vscode-docker/install/publisher_example/share/ament_index/resource_index/parent_prefix_path/publisher_example
[1.033s] -- Up-to-date: /workspaces/vscode-docker/install/publisher_example/share/publisher_example/environment/ament_prefix_path.sh
[1.066s] -- Up-to-date: /workspaces/vscode-docker/install/publisher_example/share/publisher_example/environment/ament_prefix_path.dsv
[1.088s] -- Up-to-date: /workspaces/vscode-docker/install/publisher_example/share/publisher_example/environment/path.sh
[1.118s] -- Up-to-date: /workspaces/vscode-docker/install/publisher_example/share/publisher_example/environment/path.dsv
[1.150s] -- Up-to-date: /workspaces/vscode-docker/install/publisher_example/share/publisher_example/local_setup.bash
[1.177s] -- Up-to-date: /workspaces/vscode-docker/install/publisher_example/share/publisher_example/local_setup.sh
[1.204s] -- Up-to-date: /workspaces/vscode-docker/install/publisher_example/share/publisher_example/local_setup.zsh
[1.231s] -- Up-to-date: /workspaces/vscode-docker/install/publisher_example/share/publisher_example/local_setup.dsv
[1.259s] -- Installing: /workspaces/vscode-docker/install/publisher_example/share/publisher_example/package.dsv
[1.368s] -- Up-to-date: /workspaces/vscode-docker/install/publisher_example/share/ament_index/resource_index/packages/publisher_example
[1.404s] -- Up-to-date: /workspaces/vscode-docker/install/publisher_example/share/publisher_example/cmake/publisher_exampleConfig.cmake
[1.430s] -- Up-to-date: /workspaces/vscode-docker/install/publisher_example/share/publisher_example/cmake/publisher_exampleConfig-version.cmake
[1.463s] -- Up-to-date: /workspaces/vscode-docker/install/publisher_example/share/publisher_example/package.xml
[1.480s] Invoked command in '/workspaces/vscode-docker/build/publisher_example' returned '0': CMAKE_PREFIX_PATH=${CMAKE_PREFIX_PATH}:/opt/ros/foxy /usr/bin/cmake --install /workspaces/vscode-docker/build/publisher_example
