[0.182s] Invoking command in '/workspaces/vscode-docker/build/publisher_example': CMAKE_PREFIX_PATH=${CMAKE_PREFIX_PATH}:/opt/ros/foxy /usr/bin/cmake --build /workspaces/vscode-docker/build/publisher_example -- -j8 -l8
[0.535s] [100%] Built target publisher
[0.581s] Invoked command in '/workspaces/vscode-docker/build/publisher_example' returned '0': CMAKE_PREFIX_PATH=${CMAKE_PREFIX_PATH}:/opt/ros/foxy /usr/bin/cmake --build /workspaces/vscode-docker/build/publisher_example -- -j8 -l8
[0.694s] Invoking command in '/workspaces/vscode-docker/build/publisher_example': CMAKE_PREFIX_PATH=${CMAKE_PREFIX_PATH}:/opt/ros/foxy /usr/bin/cmake --install /workspaces/vscode-docker/build/publisher_example
[0.711s] -- Install configuration: ""
[0.773s] -- Up-to-date: /workspaces/vscode-docker/install/publisher_example/lib/publisher_example/publisher
[0.883s] -- Up-to-date: /workspaces/vscode-docker/install/publisher_example/share/ament_index/resource_index/package_run_dependencies/publisher_example
[0.933s] -- Up-to-date: /workspaces/vscode-docker/install/publisher_example/share/ament_index/resource_index/parent_prefix_path/publisher_example
[0.966s] -- Up-to-date: /workspaces/vscode-docker/install/publisher_example/share/publisher_example/environment/ament_prefix_path.sh
[1.008s] -- Up-to-date: /workspaces/vscode-docker/install/publisher_example/share/publisher_example/environment/ament_prefix_path.dsv
[1.041s] -- Up-to-date: /workspaces/vscode-docker/install/publisher_example/share/publisher_example/environment/path.sh
[1.075s] -- Up-to-date: /workspaces/vscode-docker/install/publisher_example/share/publisher_example/environment/path.dsv
[1.111s] -- Up-to-date: /workspaces/vscode-docker/install/publisher_example/share/publisher_example/local_setup.bash
[1.142s] -- Up-to-date: /workspaces/vscode-docker/install/publisher_example/share/publisher_example/local_setup.sh
[1.178s] -- Up-to-date: /workspaces/vscode-docker/install/publisher_example/share/publisher_example/local_setup.zsh
[1.211s] -- Up-to-date: /workspaces/vscode-docker/install/publisher_example/share/publisher_example/local_setup.dsv
[1.243s] -- Installing: /workspaces/vscode-docker/install/publisher_example/share/publisher_example/package.dsv
[1.348s] -- Up-to-date: /workspaces/vscode-docker/install/publisher_example/share/ament_index/resource_index/packages/publisher_example
[1.379s] -- Up-to-date: /workspaces/vscode-docker/install/publisher_example/share/publisher_example/cmake/publisher_exampleConfig.cmake
[1.401s] -- Up-to-date: /workspaces/vscode-docker/install/publisher_example/share/publisher_example/cmake/publisher_exampleConfig-version.cmake
[1.433s] -- Up-to-date: /workspaces/vscode-docker/install/publisher_example/share/publisher_example/package.xml
[1.450s] Invoked command in '/workspaces/vscode-docker/build/publisher_example' returned '0': CMAKE_PREFIX_PATH=${CMAKE_PREFIX_PATH}:/opt/ros/foxy /usr/bin/cmake --install /workspaces/vscode-docker/build/publisher_example
