[0.000000] (-) TimerEvent: {}
[0.001535] (publisher_example) JobQueued: {'identifier': 'publisher_example', 'dependencies': OrderedDict()}
[0.001855] (publisher_example) JobStarted: {'identifier': 'publisher_example'}
[0.097756] (-) TimerEvent: {}
[0.116982] (publisher_example) JobProgress: {'identifier': 'publisher_example', 'progress': 'cmake'}
[0.153679] (publisher_example) JobProgress: {'identifier': 'publisher_example', 'progress': 'build'}
[0.163252] (publisher_example) Command: {'cmd': ['/usr/bin/cmake', '--build', '/workspaces/vscode-docker/build/publisher_example', '--', '-j8', '-l8'], 'cwd': '/workspaces/vscode-docker/build/publisher_example', 'env': OrderedDict([('LESSOPEN', '| /usr/bin/lesspipe %s'), ('HOSTNAME', '004196d469cc'), ('GIT_ASKPASS', '/vscode/vscode-server/bin/linux-x64/e8a3071ea4344d9d48ef8a4df2c097372b0c5161/extensions/git/dist/askpass.sh'), ('SHLVL', '2'), ('LD_LIBRARY_PATH', '/opt/ros/foxy/opt/yaml_cpp_vendor/lib:/opt/ros/foxy/lib/x86_64-linux-gnu:/opt/ros/foxy/lib'), ('BROWSER', '/vscode/vscode-server/bin/linux-x64/e8a3071ea4344d9d48ef8a4df2c097372b0c5161/bin/helpers/browser.sh'), ('AMENT_CPPCHECK_ALLOW_SLOW_VERSIONS', '1'), ('HOME', '/home/ros'), ('TERM_PROGRAM_VERSION', '1.74.2'), ('VSCODE_IPC_HOOK_CLI', '/tmp/vscode-ipc-76a56bf1-300a-4685-a4f4-926992f0d692.sock'), ('ROS_PYTHON_VERSION', '3'), ('VSCODE_GIT_ASKPASS_MAIN', '/vscode/vscode-server/bin/linux-x64/e8a3071ea4344d9d48ef8a4df2c097372b0c5161/extensions/git/dist/askpass-main.js'), ('VSCODE_GIT_ASKPASS_NODE', '/vscode/vscode-server/bin/linux-x64/e8a3071ea4344d9d48ef8a4df2c097372b0c5161/node'), ('COLORTERM', 'truecolor'), ('REMOTE_CONTAINERS', 'true'), ('COLCON_PREFIX_PATH', '/workspaces/vscode-docker/install:/opt/ros/foxy'), ('ROS_DISTRO', 'foxy'), ('REMOTE_CONTAINERS_IPC', '/tmp/vscode-remote-containers-ipc-bcd2ae9db1642e545fffb190efd4e5748b494a64.sock'), ('_', '/usr/bin/colcon'), ('ROS_VERSION', '2'), ('TERM', 'xterm-256color'), ('ROS_LOCALHOST_ONLY', '0'), ('PATH', '/vscode/vscode-server/bin/linux-x64/e8a3071ea4344d9d48ef8a4df2c097372b0c5161/bin/remote-cli:/opt/ros/foxy/bin:/usr/local/sbin:/usr/local/bin:/usr/sbin:/usr/bin:/sbin:/bin'), ('REMOTE_CONTAINERS_SOCKETS', '["/tmp/vscode-ssh-auth-bcd2ae9db1642e545fffb190efd4e5748b494a64.sock"]'), ('LANG', 'en_US.UTF-8'), ('VSCODE_GIT_IPC_HANDLE', '/tmp/vscode-git-876531aff6.sock'), ('TERM_PROGRAM', 'vscode'), ('SSH_AUTH_SOCK', '/tmp/vscode-ssh-auth-bcd2ae9db1642e545fffb190efd4e5748b494a64.sock'), ('AMENT_PREFIX_PATH', '/workspaces/vscode-docker/install/publisher_example:/opt/ros/foxy'), ('SHELL', '/bin/bash'), ('LESSCLOSE', '/usr/bin/lesspipe %s %s'), ('VSCODE_GIT_ASKPASS_EXTRA_ARGS', ''), ('PWD', '/workspaces/vscode-docker/build/publisher_example'), ('PYTHONPATH', '/opt/ros/foxy/lib/python3.8/site-packages'), ('COLCON', '1'), ('CMAKE_PREFIX_PATH', '/workspaces/vscode-docker/install/publisher_example:/opt/ros/foxy')]), 'shell': False}
[0.197974] (-) TimerEvent: {}
[0.298817] (-) TimerEvent: {}
[0.399638] (-) TimerEvent: {}
[0.500397] (-) TimerEvent: {}
[0.535465] (publisher_example) StdoutLine: {'line': b'[100%] Built target publisher\n'}
[0.575742] (publisher_example) CommandEnded: {'returncode': 0}
[0.600617] (-) TimerEvent: {}
[0.652604] (publisher_example) JobProgress: {'identifier': 'publisher_example', 'progress': 'install'}
[0.681794] (publisher_example) Command: {'cmd': ['/usr/bin/cmake', '--install', '/workspaces/vscode-docker/build/publisher_example'], 'cwd': '/workspaces/vscode-docker/build/publisher_example', 'env': OrderedDict([('LESSOPEN', '| /usr/bin/lesspipe %s'), ('HOSTNAME', '004196d469cc'), ('GIT_ASKPASS', '/vscode/vscode-server/bin/linux-x64/e8a3071ea4344d9d48ef8a4df2c097372b0c5161/extensions/git/dist/askpass.sh'), ('SHLVL', '2'), ('LD_LIBRARY_PATH', '/opt/ros/foxy/opt/yaml_cpp_vendor/lib:/opt/ros/foxy/lib/x86_64-linux-gnu:/opt/ros/foxy/lib'), ('BROWSER', '/vscode/vscode-server/bin/linux-x64/e8a3071ea4344d9d48ef8a4df2c097372b0c5161/bin/helpers/browser.sh'), ('AMENT_CPPCHECK_ALLOW_SLOW_VERSIONS', '1'), ('HOME', '/home/ros'), ('TERM_PROGRAM_VERSION', '1.74.2'), ('VSCODE_IPC_HOOK_CLI', '/tmp/vscode-ipc-76a56bf1-300a-4685-a4f4-926992f0d692.sock'), ('ROS_PYTHON_VERSION', '3'), ('VSCODE_GIT_ASKPASS_MAIN', '/vscode/vscode-server/bin/linux-x64/e8a3071ea4344d9d48ef8a4df2c097372b0c5161/extensions/git/dist/askpass-main.js'), ('VSCODE_GIT_ASKPASS_NODE', '/vscode/vscode-server/bin/linux-x64/e8a3071ea4344d9d48ef8a4df2c097372b0c5161/node'), ('COLORTERM', 'truecolor'), ('REMOTE_CONTAINERS', 'true'), ('COLCON_PREFIX_PATH', '/workspaces/vscode-docker/install:/opt/ros/foxy'), ('ROS_DISTRO', 'foxy'), ('REMOTE_CONTAINERS_IPC', '/tmp/vscode-remote-containers-ipc-bcd2ae9db1642e545fffb190efd4e5748b494a64.sock'), ('_', '/usr/bin/colcon'), ('ROS_VERSION', '2'), ('TERM', 'xterm-256color'), ('ROS_LOCALHOST_ONLY', '0'), ('PATH', '/vscode/vscode-server/bin/linux-x64/e8a3071ea4344d9d48ef8a4df2c097372b0c5161/bin/remote-cli:/opt/ros/foxy/bin:/usr/local/sbin:/usr/local/bin:/usr/sbin:/usr/bin:/sbin:/bin'), ('REMOTE_CONTAINERS_SOCKETS', '["/tmp/vscode-ssh-auth-bcd2ae9db1642e545fffb190efd4e5748b494a64.sock"]'), ('LANG', 'en_US.UTF-8'), ('VSCODE_GIT_IPC_HANDLE', '/tmp/vscode-git-876531aff6.sock'), ('TERM_PROGRAM', 'vscode'), ('SSH_AUTH_SOCK', '/tmp/vscode-ssh-auth-bcd2ae9db1642e545fffb190efd4e5748b494a64.sock'), ('AMENT_PREFIX_PATH', '/workspaces/vscode-docker/install/publisher_example:/opt/ros/foxy'), ('SHELL', '/bin/bash'), ('LESSCLOSE', '/usr/bin/lesspipe %s %s'), ('VSCODE_GIT_ASKPASS_EXTRA_ARGS', ''), ('PWD', '/workspaces/vscode-docker/build/publisher_example'), ('PYTHONPATH', '/opt/ros/foxy/lib/python3.8/site-packages'), ('COLCON', '1'), ('CMAKE_PREFIX_PATH', '/workspaces/vscode-docker/install/publisher_example:/opt/ros/foxy')]), 'shell': False}
[0.700796] (-) TimerEvent: {}
[0.704552] (publisher_example) StdoutLine: {'line': b'-- Install configuration: ""\n'}
[0.769815] (publisher_example) StdoutLine: {'line': b'-- Up-to-date: /workspaces/vscode-docker/install/publisher_example/lib/publisher_example/publisher\n'}
[0.800942] (-) TimerEvent: {}
[0.874966] (publisher_example) StdoutLine: {'line': b'-- Up-to-date: /workspaces/vscode-docker/install/publisher_example/share/ament_index/resource_index/package_run_dependencies/publisher_example\n'}
[0.901129] (-) TimerEvent: {}
[0.940348] (publisher_example) StdoutLine: {'line': b'-- Up-to-date: /workspaces/vscode-docker/install/publisher_example/share/ament_index/resource_index/parent_prefix_path/publisher_example\n'}
[0.973598] (publisher_example) StdoutLine: {'line': b'-- Up-to-date: /workspaces/vscode-docker/install/publisher_example/share/publisher_example/environment/ament_prefix_path.sh\n'}
[1.001278] (-) TimerEvent: {}
[1.007207] (publisher_example) StdoutLine: {'line': b'-- Up-to-date: /workspaces/vscode-docker/install/publisher_example/share/publisher_example/environment/ament_prefix_path.dsv\n'}
[1.048124] (publisher_example) StdoutLine: {'line': b'-- Up-to-date: /workspaces/vscode-docker/install/publisher_example/share/publisher_example/environment/path.sh\n'}
[1.086218] (publisher_example) StdoutLine: {'line': b'-- Up-to-date: /workspaces/vscode-docker/install/publisher_example/share/publisher_example/environment/path.dsv\n'}
[1.101460] (-) TimerEvent: {}
[1.121349] (publisher_example) StdoutLine: {'line': b'-- Up-to-date: /workspaces/vscode-docker/install/publisher_example/share/publisher_example/local_setup.bash\n'}
[1.153028] (publisher_example) StdoutLine: {'line': b'-- Up-to-date: /workspaces/vscode-docker/install/publisher_example/share/publisher_example/local_setup.sh\n'}
[1.183014] (publisher_example) StdoutLine: {'line': b'-- Up-to-date: /workspaces/vscode-docker/install/publisher_example/share/publisher_example/local_setup.zsh\n'}
[1.201644] (-) TimerEvent: {}
[1.214647] (publisher_example) StdoutLine: {'line': b'-- Up-to-date: /workspaces/vscode-docker/install/publisher_example/share/publisher_example/local_setup.dsv\n'}
[1.242887] (publisher_example) StdoutLine: {'line': b'-- Installing: /workspaces/vscode-docker/install/publisher_example/share/publisher_example/package.dsv\n'}
[1.301821] (-) TimerEvent: {}
[1.356118] (publisher_example) StdoutLine: {'line': b'-- Up-to-date: /workspaces/vscode-docker/install/publisher_example/share/ament_index/resource_index/packages/publisher_example\n'}
[1.387784] (publisher_example) StdoutLine: {'line': b'-- Up-to-date: /workspaces/vscode-docker/install/publisher_example/share/publisher_example/cmake/publisher_exampleConfig.cmake\n'}
[1.402058] (-) TimerEvent: {}
[1.416055] (publisher_example) StdoutLine: {'line': b'-- Up-to-date: /workspaces/vscode-docker/install/publisher_example/share/publisher_example/cmake/publisher_exampleConfig-version.cmake\n'}
[1.450934] (publisher_example) StdoutLine: {'line': b'-- Up-to-date: /workspaces/vscode-docker/install/publisher_example/share/publisher_example/package.xml\n'}
[1.467285] (publisher_example) CommandEnded: {'returncode': 0}
[1.502218] (-) TimerEvent: {}
[1.602917] (-) TimerEvent: {}
[1.703552] (-) TimerEvent: {}
[1.804432] (-) TimerEvent: {}
[1.905242] (-) TimerEvent: {}
[2.005903] (-) TimerEvent: {}
[2.106696] (-) TimerEvent: {}
[2.207574] (-) TimerEvent: {}
[2.308836] (-) TimerEvent: {}
[2.409624] (-) TimerEvent: {}
[2.486985] (publisher_example) JobEnded: {'identifier': 'publisher_example', 'rc': 0}
[2.501840] (-) EventReactorShutdown: {}
