[0.287s] DEBUG:colcon:Command line arguments: ['/usr/bin/colcon', 'build']
[0.287s] DEBUG:colcon:Parsed command line arguments: Namespace(allow_overriding=[], ament_cmake_args=None, base_paths=['.'], build_base='build', catkin_cmake_args=None, catkin_skip_building_tests=False, cmake_args=None, cmake_clean_cache=False, cmake_clean_first=False, cmake_force_configure=False, cmake_target=None, cmake_target_skip_unavailable=False, continue_on_error=False, event_handlers=None, executor='parallel', ignore_user_meta=False, install_base='install', log_base=None, log_level=None, main=<bound method BuildVerb.main of <colcon_core.verb.build.BuildVerb object at 0x7fecf466eac0>>, merge_install=False, metas=['./colcon.meta'], packages_above=None, packages_above_and_dependencies=None, packages_above_depth=None, packages_end=None, packages_ignore=None, packages_ignore_regex=None, packages_select=None, packages_select_build_failed=False, packages_select_by_dep=None, packages_select_regex=None, packages_select_test_failures=False, packages_skip=None, packages_skip_build_finished=False, packages_skip_by_dep=None, packages_skip_regex=None, packages_skip_test_passed=False, packages_skip_up_to=None, packages_start=None, packages_up_to=None, packages_up_to_regex=None, parallel_workers=8, paths=None, symlink_install=False, test_result_base=None, verb_extension=<colcon_core.verb.build.BuildVerb object at 0x7fecf466eac0>, verb_name='build', verb_parser=<colcon_defaults.argument_parser.defaults.DefaultArgumentsDecorator object at 0x7fecf467b070>)
[0.350s] Level 1:colcon.colcon_core.package_discovery:discover_packages(colcon_meta) check parameters
[0.351s] Level 1:colcon.colcon_core.package_discovery:discover_packages(recursive) check parameters
[0.352s] Level 1:colcon.colcon_core.package_discovery:discover_packages(ignore) check parameters
[0.352s] Level 1:colcon.colcon_core.package_discovery:discover_packages(path) check parameters
[0.353s] Level 1:colcon.colcon_core.package_discovery:discover_packages(colcon_meta) discover
[0.353s] Level 1:colcon.colcon_core.package_discovery:discover_packages(recursive) discover
[0.354s] INFO:colcon.colcon_core.package_discovery:Crawling recursively for packages in '/workspaces/vscode-docker'
[0.356s] Level 1:colcon.colcon_core.package_identification:_identify(.) by extensions ['ignore', 'ignore_ament_install']
[0.357s] Level 1:colcon.colcon_core.package_identification:_identify(.) by extension 'ignore'
[0.358s] Level 1:colcon.colcon_core.package_identification:_identify(.) by extension 'ignore_ament_install'
[0.359s] Level 1:colcon.colcon_core.package_identification:_identify(.) by extensions ['colcon_pkg']
[0.360s] Level 1:colcon.colcon_core.package_identification:_identify(.) by extension 'colcon_pkg'
[0.361s] Level 1:colcon.colcon_core.package_identification:_identify(.) by extensions ['colcon_meta']
[0.361s] Level 1:colcon.colcon_core.package_identification:_identify(.) by extension 'colcon_meta'
[0.362s] Level 1:colcon.colcon_core.package_identification:_identify(.) by extensions ['ros']
[0.362s] Level 1:colcon.colcon_core.package_identification:_identify(.) by extension 'ros'
[0.383s] Level 1:colcon.colcon_core.package_identification:_identify(.) by extensions ['cmake', 'python']
[0.383s] Level 1:colcon.colcon_core.package_identification:_identify(.) by extension 'cmake'
[0.384s] Level 1:colcon.colcon_core.package_identification:_identify(.) by extension 'python'
[0.385s] Level 1:colcon.colcon_core.package_identification:_identify(.) by extensions ['python_setup_py']
[0.386s] Level 1:colcon.colcon_core.package_identification:_identify(.) by extension 'python_setup_py'
[0.392s] Level 1:colcon.colcon_core.package_identification:_identify(build) by extensions ['ignore', 'ignore_ament_install']
[0.393s] Level 1:colcon.colcon_core.package_identification:_identify(build) by extension 'ignore'
[0.396s] Level 1:colcon.colcon_core.package_identification:_identify(build) ignored
[0.401s] Level 1:colcon.colcon_core.package_identification:_identify(install) by extensions ['ignore', 'ignore_ament_install']
[0.401s] Level 1:colcon.colcon_core.package_identification:_identify(install) by extension 'ignore'
[0.403s] Level 1:colcon.colcon_core.package_identification:_identify(install) ignored
[0.410s] Level 1:colcon.colcon_core.package_identification:_identify(log) by extensions ['ignore', 'ignore_ament_install']
[0.410s] Level 1:colcon.colcon_core.package_identification:_identify(log) by extension 'ignore'
[0.412s] Level 1:colcon.colcon_core.package_identification:_identify(log) ignored
[0.415s] Level 1:colcon.colcon_core.package_identification:_identify(scripts) by extensions ['ignore', 'ignore_ament_install']
[0.416s] Level 1:colcon.colcon_core.package_identification:_identify(scripts) by extension 'ignore'
[0.416s] Level 1:colcon.colcon_core.package_identification:_identify(scripts) by extension 'ignore_ament_install'
[0.418s] Level 1:colcon.colcon_core.package_identification:_identify(scripts) by extensions ['colcon_pkg']
[0.418s] Level 1:colcon.colcon_core.package_identification:_identify(scripts) by extension 'colcon_pkg'
[0.419s] Level 1:colcon.colcon_core.package_identification:_identify(scripts) by extensions ['colcon_meta']
[0.419s] Level 1:colcon.colcon_core.package_identification:_identify(scripts) by extension 'colcon_meta'
[0.420s] Level 1:colcon.colcon_core.package_identification:_identify(scripts) by extensions ['ros']
[0.421s] Level 1:colcon.colcon_core.package_identification:_identify(scripts) by extension 'ros'
[0.422s] Level 1:colcon.colcon_core.package_identification:_identify(scripts) by extensions ['cmake', 'python']
[0.426s] Level 1:colcon.colcon_core.package_identification:_identify(scripts) by extension 'cmake'
[0.427s] Level 1:colcon.colcon_core.package_identification:_identify(scripts) by extension 'python'
[0.428s] Level 1:colcon.colcon_core.package_identification:_identify(scripts) by extensions ['python_setup_py']
[0.429s] Level 1:colcon.colcon_core.package_identification:_identify(scripts) by extension 'python_setup_py'
[0.435s] Level 1:colcon.colcon_core.package_identification:_identify(src) by extensions ['ignore', 'ignore_ament_install']
[0.435s] Level 1:colcon.colcon_core.package_identification:_identify(src) by extension 'ignore'
[0.436s] Level 1:colcon.colcon_core.package_identification:_identify(src) by extension 'ignore_ament_install'
[0.438s] Level 1:colcon.colcon_core.package_identification:_identify(src) by extensions ['colcon_pkg']
[0.438s] Level 1:colcon.colcon_core.package_identification:_identify(src) by extension 'colcon_pkg'
[0.439s] Level 1:colcon.colcon_core.package_identification:_identify(src) by extensions ['colcon_meta']
[0.440s] Level 1:colcon.colcon_core.package_identification:_identify(src) by extension 'colcon_meta'
[0.441s] Level 1:colcon.colcon_core.package_identification:_identify(src) by extensions ['ros']
[0.441s] Level 1:colcon.colcon_core.package_identification:_identify(src) by extension 'ros'
[0.450s] Level 1:colcon.colcon_core.package_identification:_identify(src) by extensions ['cmake', 'python']
[0.450s] Level 1:colcon.colcon_core.package_identification:_identify(src) by extension 'cmake'
[0.451s] Level 1:colcon.colcon_core.package_identification:_identify(src) by extension 'python'
[0.453s] Level 1:colcon.colcon_core.package_identification:_identify(src) by extensions ['python_setup_py']
[0.453s] Level 1:colcon.colcon_core.package_identification:_identify(src) by extension 'python_setup_py'
[0.459s] Level 1:colcon.colcon_core.package_identification:_identify(src/publisher_example) by extensions ['ignore', 'ignore_ament_install']
[0.460s] Level 1:colcon.colcon_core.package_identification:_identify(src/publisher_example) by extension 'ignore'
[0.463s] Level 1:colcon.colcon_core.package_identification:_identify(src/publisher_example) by extension 'ignore_ament_install'
[0.467s] Level 1:colcon.colcon_core.package_identification:_identify(src/publisher_example) by extensions ['colcon_pkg']
[0.468s] Level 1:colcon.colcon_core.package_identification:_identify(src/publisher_example) by extension 'colcon_pkg'
[0.469s] Level 1:colcon.colcon_core.package_identification:_identify(src/publisher_example) by extensions ['colcon_meta']
[0.470s] Level 1:colcon.colcon_core.package_identification:_identify(src/publisher_example) by extension 'colcon_meta'
[0.472s] Level 1:colcon.colcon_core.package_identification:_identify(src/publisher_example) by extensions ['ros']
[0.472s] Level 1:colcon.colcon_core.package_identification:_identify(src/publisher_example) by extension 'ros'
[0.501s] DEBUG:colcon.colcon_core.package_identification:Package 'src/publisher_example' with type 'ros.ament_cmake' and name 'publisher_example'
[0.501s] Level 1:colcon.colcon_core.package_discovery:discover_packages(recursive) using defaults
[0.502s] Level 1:colcon.colcon_core.package_discovery:discover_packages(ignore) discover
[0.502s] Level 1:colcon.colcon_core.package_discovery:discover_packages(ignore) using defaults
[0.502s] Level 1:colcon.colcon_core.package_discovery:discover_packages(path) discover
[0.503s] Level 1:colcon.colcon_core.package_discovery:discover_packages(path) using defaults
[0.556s] Level 1:colcon.colcon_core.package_discovery:discover_packages(prefix_path) check parameters
[0.557s] Level 1:colcon.colcon_core.package_discovery:discover_packages(prefix_path) discover
[0.624s] DEBUG:colcon.colcon_installed_package_information.package_discovery:Found 1 installed packages in /workspaces/vscode-docker/install
[0.629s] DEBUG:colcon.colcon_installed_package_information.package_discovery:Found 168 installed packages in /opt/ros/foxy
[0.632s] Level 1:colcon.colcon_core.package_discovery:discover_packages(prefix_path) using defaults
[0.720s] Level 5:colcon.colcon_core.verb:set package 'publisher_example' build argument 'cmake_args' from command line to 'None'
[0.720s] Level 5:colcon.colcon_core.verb:set package 'publisher_example' build argument 'cmake_target' from command line to 'None'
[0.721s] Level 5:colcon.colcon_core.verb:set package 'publisher_example' build argument 'cmake_target_skip_unavailable' from command line to 'False'
[0.721s] Level 5:colcon.colcon_core.verb:set package 'publisher_example' build argument 'cmake_clean_cache' from command line to 'False'
[0.721s] Level 5:colcon.colcon_core.verb:set package 'publisher_example' build argument 'cmake_clean_first' from command line to 'False'
[0.721s] Level 5:colcon.colcon_core.verb:set package 'publisher_example' build argument 'cmake_force_configure' from command line to 'False'
[0.722s] Level 5:colcon.colcon_core.verb:set package 'publisher_example' build argument 'ament_cmake_args' from command line to 'None'
[0.722s] Level 5:colcon.colcon_core.verb:set package 'publisher_example' build argument 'catkin_cmake_args' from command line to 'None'
[0.722s] Level 5:colcon.colcon_core.verb:set package 'publisher_example' build argument 'catkin_skip_building_tests' from command line to 'False'
[0.723s] DEBUG:colcon.colcon_core.verb:Building package 'publisher_example' with the following arguments: {'ament_cmake_args': None, 'build_base': '/workspaces/vscode-docker/build/publisher_example', 'catkin_cmake_args': None, 'catkin_skip_building_tests': False, 'cmake_args': None, 'cmake_clean_cache': False, 'cmake_clean_first': False, 'cmake_force_configure': False, 'cmake_target': None, 'cmake_target_skip_unavailable': False, 'install_base': '/workspaces/vscode-docker/install/publisher_example', 'merge_install': False, 'path': '/workspaces/vscode-docker/src/publisher_example', 'symlink_install': False, 'test_result_base': None}
[0.724s] INFO:colcon.colcon_core.executor:Executing jobs using 'parallel' executor
[0.732s] DEBUG:colcon.colcon_parallel_executor.executor.parallel:run_until_complete
[0.732s] INFO:colcon.colcon_ros.task.ament_cmake.build:Building ROS package in '/workspaces/vscode-docker/src/publisher_example' with build type 'ament_cmake'
[0.733s] INFO:colcon.colcon_cmake.task.cmake.build:Building CMake package in '/workspaces/vscode-docker/src/publisher_example'
[0.740s] INFO:colcon.colcon_core.plugin_system:Skipping extension 'colcon_core.shell.bat': Not used on non-Windows systems
[0.741s] INFO:colcon.colcon_core.shell:Skip shell extension 'powershell' for command environment: Not usable outside of PowerShell
[0.743s] DEBUG:colcon.colcon_core.shell:Skip shell extension 'dsv' for command environment
[0.922s] DEBUG:colcon.colcon_core.event_handler.log_command:Invoking command in '/workspaces/vscode-docker/build/publisher_example': CMAKE_PREFIX_PATH=${CMAKE_PREFIX_PATH}:/opt/ros/foxy /usr/bin/cmake --build /workspaces/vscode-docker/build/publisher_example -- -j8 -l8
[1.311s] DEBUG:colcon.colcon_core.event_handler.log_command:Invoked command in '/workspaces/vscode-docker/build/publisher_example' returned '0': CMAKE_PREFIX_PATH=${CMAKE_PREFIX_PATH}:/opt/ros/foxy /usr/bin/cmake --build /workspaces/vscode-docker/build/publisher_example -- -j8 -l8
[1.419s] DEBUG:colcon.colcon_core.event_handler.log_command:Invoking command in '/workspaces/vscode-docker/build/publisher_example': CMAKE_PREFIX_PATH=${CMAKE_PREFIX_PATH}:/opt/ros/foxy /usr/bin/cmake --install /workspaces/vscode-docker/build/publisher_example
[2.201s] Level 1:colcon.colcon_core.environment:create_environment_scripts_only(publisher_example)
[2.205s] DEBUG:colcon.colcon_core.event_handler.log_command:Invoked command in '/workspaces/vscode-docker/build/publisher_example' returned '0': CMAKE_PREFIX_PATH=${CMAKE_PREFIX_PATH}:/opt/ros/foxy /usr/bin/cmake --install /workspaces/vscode-docker/build/publisher_example
[2.218s] Level 1:colcon.colcon_core.environment:checking '/workspaces/vscode-docker/install/publisher_example' for CMake module files
[2.376s] Level 1:colcon.colcon_core.environment:checking '/workspaces/vscode-docker/install/publisher_example' for CMake config files
[2.482s] Level 1:colcon.colcon_core.shell:create_environment_hook('publisher_example', 'cmake_prefix_path')
[2.484s] INFO:colcon.colcon_core.shell:Creating environment hook '/workspaces/vscode-docker/install/publisher_example/share/publisher_example/hook/cmake_prefix_path.ps1'
[2.505s] INFO:colcon.colcon_core.shell:Creating environment descriptor '/workspaces/vscode-docker/install/publisher_example/share/publisher_example/hook/cmake_prefix_path.dsv'
[2.526s] INFO:colcon.colcon_core.shell:Creating environment hook '/workspaces/vscode-docker/install/publisher_example/share/publisher_example/hook/cmake_prefix_path.sh'
[2.561s] Level 1:colcon.colcon_core.environment:checking '/workspaces/vscode-docker/install/publisher_example/lib'
[2.570s] Level 1:colcon.colcon_core.environment:checking '/workspaces/vscode-docker/install/publisher_example/bin'
[2.573s] Level 1:colcon.colcon_core.environment:checking '/workspaces/vscode-docker/install/publisher_example/lib/pkgconfig/publisher_example.pc'
[2.577s] Level 1:colcon.colcon_core.environment:checking '/workspaces/vscode-docker/install/publisher_example/lib/python3.8/site-packages'
[2.582s] Level 1:colcon.colcon_core.environment:checking '/workspaces/vscode-docker/install/publisher_example/bin'
[2.587s] INFO:colcon.colcon_core.shell:Creating package script '/workspaces/vscode-docker/install/publisher_example/share/publisher_example/package.ps1'
[2.609s] INFO:colcon.colcon_core.shell:Creating package descriptor '/workspaces/vscode-docker/install/publisher_example/share/publisher_example/package.dsv'
[2.630s] INFO:colcon.colcon_core.shell:Creating package script '/workspaces/vscode-docker/install/publisher_example/share/publisher_example/package.sh'
[2.649s] INFO:colcon.colcon_core.shell:Creating package script '/workspaces/vscode-docker/install/publisher_example/share/publisher_example/package.bash'
[2.667s] INFO:colcon.colcon_core.shell:Creating package script '/workspaces/vscode-docker/install/publisher_example/share/publisher_example/package.zsh'
[2.684s] Level 1:colcon.colcon_core.environment:create_file_with_runtime_dependencies(/workspaces/vscode-docker/install/publisher_example/share/colcon-core/packages/publisher_example)
[2.765s] Level 1:colcon.colcon_core.environment:create_environment_scripts_only(publisher_example)
[2.768s] Level 1:colcon.colcon_core.environment:checking '/workspaces/vscode-docker/install/publisher_example' for CMake module files
[2.906s] Level 1:colcon.colcon_core.environment:checking '/workspaces/vscode-docker/install/publisher_example' for CMake config files
[3.006s] Level 1:colcon.colcon_core.shell:create_environment_hook('publisher_example', 'cmake_prefix_path')
[3.010s] INFO:colcon.colcon_core.shell:Creating environment hook '/workspaces/vscode-docker/install/publisher_example/share/publisher_example/hook/cmake_prefix_path.ps1'
[3.033s] INFO:colcon.colcon_core.shell:Creating environment descriptor '/workspaces/vscode-docker/install/publisher_example/share/publisher_example/hook/cmake_prefix_path.dsv'
[3.056s] INFO:colcon.colcon_core.shell:Creating environment hook '/workspaces/vscode-docker/install/publisher_example/share/publisher_example/hook/cmake_prefix_path.sh'
[3.088s] Level 1:colcon.colcon_core.environment:checking '/workspaces/vscode-docker/install/publisher_example/lib'
[3.094s] Level 1:colcon.colcon_core.environment:checking '/workspaces/vscode-docker/install/publisher_example/bin'
[3.097s] Level 1:colcon.colcon_core.environment:checking '/workspaces/vscode-docker/install/publisher_example/lib/pkgconfig/publisher_example.pc'
[3.100s] Level 1:colcon.colcon_core.environment:checking '/workspaces/vscode-docker/install/publisher_example/lib/python3.8/site-packages'
[3.103s] Level 1:colcon.colcon_core.environment:checking '/workspaces/vscode-docker/install/publisher_example/bin'
[3.108s] INFO:colcon.colcon_core.shell:Creating package script '/workspaces/vscode-docker/install/publisher_example/share/publisher_example/package.ps1'
[3.129s] INFO:colcon.colcon_core.shell:Creating package descriptor '/workspaces/vscode-docker/install/publisher_example/share/publisher_example/package.dsv'
[3.150s] INFO:colcon.colcon_core.shell:Creating package script '/workspaces/vscode-docker/install/publisher_example/share/publisher_example/package.sh'
[3.171s] INFO:colcon.colcon_core.shell:Creating package script '/workspaces/vscode-docker/install/publisher_example/share/publisher_example/package.bash'
[3.189s] INFO:colcon.colcon_core.shell:Creating package script '/workspaces/vscode-docker/install/publisher_example/share/publisher_example/package.zsh'
[3.207s] Level 1:colcon.colcon_core.environment:create_file_with_runtime_dependencies(/workspaces/vscode-docker/install/publisher_example/share/colcon-core/packages/publisher_example)
[3.220s] DEBUG:colcon.colcon_parallel_executor.executor.parallel:closing loop
[3.221s] DEBUG:colcon.colcon_parallel_executor.executor.parallel:loop closed
[3.222s] DEBUG:colcon.colcon_parallel_executor.executor.parallel:run_until_complete finished with '0'
[3.222s] DEBUG:colcon.colcon_core.event_reactor:joining thread
[3.253s] INFO:colcon.colcon_core.plugin_system:Skipping extension 'colcon_notification.desktop_notification.notify_send': Could not find 'notify-send'
[3.254s] INFO:colcon.colcon_core.plugin_system:Skipping extension 'colcon_notification.desktop_notification.terminal_notifier': Not used on non-Darwin systems
[3.254s] INFO:colcon.colcon_core.plugin_system:Skipping extension 'colcon_notification.desktop_notification.win32': Not used on non-Windows systems
[3.255s] INFO:colcon.colcon_notification.desktop_notification:Sending desktop notification using 'notify2'
[3.255s] DEBUG:colcon.colcon_notification.desktop_notification.notify2:Failed to initialize notify2: org.freedesktop.DBus.Error.NotSupported: Unable to autolaunch a dbus-daemon without a $DISPLAY for X11
[3.256s] DEBUG:colcon.colcon_core.event_reactor:joined thread
[3.258s] INFO:colcon.colcon_core.shell:Creating prefix script '/workspaces/vscode-docker/install/local_setup.ps1'
[3.270s] INFO:colcon.colcon_core.shell:Creating prefix util module '/workspaces/vscode-docker/install/_local_setup_util_ps1.py'
[3.281s] INFO:colcon.colcon_core.shell:Creating prefix chain script '/workspaces/vscode-docker/install/setup.ps1'
[3.305s] INFO:colcon.colcon_core.shell:Creating prefix script '/workspaces/vscode-docker/install/local_setup.sh'
[3.314s] INFO:colcon.colcon_core.shell:Creating prefix util module '/workspaces/vscode-docker/install/_local_setup_util_sh.py'
[3.322s] INFO:colcon.colcon_core.shell:Creating prefix chain script '/workspaces/vscode-docker/install/setup.sh'
[3.349s] INFO:colcon.colcon_core.shell:Creating prefix script '/workspaces/vscode-docker/install/local_setup.bash'
[3.356s] INFO:colcon.colcon_core.shell:Creating prefix chain script '/workspaces/vscode-docker/install/setup.bash'
[3.383s] INFO:colcon.colcon_core.shell:Creating prefix script '/workspaces/vscode-docker/install/local_setup.zsh'
[3.391s] INFO:colcon.colcon_core.shell:Creating prefix chain script '/workspaces/vscode-docker/install/setup.zsh'
