[0.000000] (-) TimerEvent: {}
[0.000922] (publisher_example) JobQueued: {'identifier': 'publisher_example', 'dependencies': OrderedDict()}
[0.001804] (publisher_example) JobStarted: {'identifier': 'publisher_example'}
[0.096627] (-) TimerEvent: {}
[0.111725] (publisher_example) JobProgress: {'identifier': 'publisher_example', 'progress': 'cmake'}
[0.148182] (publisher_example) JobProgress: {'identifier': 'publisher_example', 'progress': 'build'}
[0.156665] (publisher_example) Command: {'cmd': ['/usr/bin/cmake', '--build', '/workspaces/vscode-docker/build/publisher_example', '--', '-j8', '-l8'], 'cwd': '/workspaces/vscode-docker/build/publisher_example', 'env': OrderedDict([('LESSOPEN', '| /usr/bin/lesspipe %s'), ('HOSTNAME', '004196d469cc'), ('GIT_ASKPASS', '/vscode/vscode-server/bin/linux-x64/e8a3071ea4344d9d48ef8a4df2c097372b0c5161/extensions/git/dist/askpass.sh'), ('SHLVL', '2'), ('LD_LIBRARY_PATH', '/opt/ros/foxy/opt/yaml_cpp_vendor/lib:/opt/ros/foxy/lib/x86_64-linux-gnu:/opt/ros/foxy/lib'), ('BROWSER', '/vscode/vscode-server/bin/linux-x64/e8a3071ea4344d9d48ef8a4df2c097372b0c5161/bin/helpers/browser.sh'), ('AMENT_CPPCHECK_ALLOW_SLOW_VERSIONS', '1'), ('HOME', '/home/ros'), ('TERM_PROGRAM_VERSION', '1.74.2'), ('VSCODE_IPC_HOOK_CLI', '/tmp/vscode-ipc-bad30dc9-06e0-4b1d-bcb2-7a927442dcdd.sock'), ('ROS_PYTHON_VERSION', '3'), ('VSCODE_GIT_ASKPASS_MAIN', '/vscode/vscode-server/bin/linux-x64/e8a3071ea4344d9d48ef8a4df2c097372b0c5161/extensions/git/dist/askpass-main.js'), ('VSCODE_GIT_ASKPASS_NODE', '/vscode/vscode-server/bin/linux-x64/e8a3071ea4344d9d48ef8a4df2c097372b0c5161/node'), ('COLORTERM', 'truecolor'), ('REMOTE_CONTAINERS', 'true'), ('COLCON_PREFIX_PATH', '/workspaces/vscode-docker/install:/opt/ros/foxy'), ('ROS_DISTRO', 'foxy'), ('REMOTE_CONTAINERS_IPC', '/tmp/vscode-remote-containers-ipc-bcd2ae9db1642e545fffb190efd4e5748b494a64.sock'), ('_', '/usr/bin/colcon'), ('ROS_VERSION', '2'), ('TERM', 'xterm-256color'), ('ROS_LOCALHOST_ONLY', '0'), ('PATH', '/vscode/vscode-server/bin/linux-x64/e8a3071ea4344d9d48ef8a4df2c097372b0c5161/bin/remote-cli:/opt/ros/foxy/bin:/usr/local/sbin:/usr/local/bin:/usr/sbin:/usr/bin:/sbin:/bin'), ('REMOTE_CONTAINERS_SOCKETS', '["/tmp/vscode-ssh-auth-bcd2ae9db1642e545fffb190efd4e5748b494a64.sock"]'), ('LANG', 'en_US.UTF-8'), ('VSCODE_GIT_IPC_HANDLE', '/tmp/vscode-git-876531aff6.sock'), ('TERM_PROGRAM', 'vscode'), ('SSH_AUTH_SOCK', '/tmp/vscode-ssh-auth-bcd2ae9db1642e545fffb190efd4e5748b494a64.sock'), ('AMENT_PREFIX_PATH', '/workspaces/vscode-docker/install/publisher_example:/opt/ros/foxy'), ('SHELL', '/bin/bash'), ('LESSCLOSE', '/usr/bin/lesspipe %s %s'), ('VSCODE_GIT_ASKPASS_EXTRA_ARGS', ''), ('PWD', '/workspaces/vscode-docker/build/publisher_example'), ('PYTHONPATH', '/opt/ros/foxy/lib/python3.8/site-packages'), ('COLCON', '1'), ('CMAKE_PREFIX_PATH', '/workspaces/vscode-docker/install/publisher_example:/opt/ros/foxy')]), 'shell': False}
[0.196843] (-) TimerEvent: {}
[0.297683] (-) TimerEvent: {}
[0.398485] (-) TimerEvent: {}
[0.499352] (-) TimerEvent: {}
[0.525388] (publisher_example) StdoutLine: {'line': b'[100%] Built target publisher\n'}
[0.573839] (publisher_example) CommandEnded: {'returncode': 0}
[0.599567] (-) TimerEvent: {}
[0.657032] (publisher_example) JobProgress: {'identifier': 'publisher_example', 'progress': 'install'}
[0.688649] (publisher_example) Command: {'cmd': ['/usr/bin/cmake', '--install', '/workspaces/vscode-docker/build/publisher_example'], 'cwd': '/workspaces/vscode-docker/build/publisher_example', 'env': OrderedDict([('LESSOPEN', '| /usr/bin/lesspipe %s'), ('HOSTNAME', '004196d469cc'), ('GIT_ASKPASS', '/vscode/vscode-server/bin/linux-x64/e8a3071ea4344d9d48ef8a4df2c097372b0c5161/extensions/git/dist/askpass.sh'), ('SHLVL', '2'), ('LD_LIBRARY_PATH', '/opt/ros/foxy/opt/yaml_cpp_vendor/lib:/opt/ros/foxy/lib/x86_64-linux-gnu:/opt/ros/foxy/lib'), ('BROWSER', '/vscode/vscode-server/bin/linux-x64/e8a3071ea4344d9d48ef8a4df2c097372b0c5161/bin/helpers/browser.sh'), ('AMENT_CPPCHECK_ALLOW_SLOW_VERSIONS', '1'), ('HOME', '/home/ros'), ('TERM_PROGRAM_VERSION', '1.74.2'), ('VSCODE_IPC_HOOK_CLI', '/tmp/vscode-ipc-bad30dc9-06e0-4b1d-bcb2-7a927442dcdd.sock'), ('ROS_PYTHON_VERSION', '3'), ('VSCODE_GIT_ASKPASS_MAIN', '/vscode/vscode-server/bin/linux-x64/e8a3071ea4344d9d48ef8a4df2c097372b0c5161/extensions/git/dist/askpass-main.js'), ('VSCODE_GIT_ASKPASS_NODE', '/vscode/vscode-server/bin/linux-x64/e8a3071ea4344d9d48ef8a4df2c097372b0c5161/node'), ('COLORTERM', 'truecolor'), ('REMOTE_CONTAINERS', 'true'), ('COLCON_PREFIX_PATH', '/workspaces/vscode-docker/install:/opt/ros/foxy'), ('ROS_DISTRO', 'foxy'), ('REMOTE_CONTAINERS_IPC', '/tmp/vscode-remote-containers-ipc-bcd2ae9db1642e545fffb190efd4e5748b494a64.sock'), ('_', '/usr/bin/colcon'), ('ROS_VERSION', '2'), ('TERM', 'xterm-256color'), ('ROS_LOCALHOST_ONLY', '0'), ('PATH', '/vscode/vscode-server/bin/linux-x64/e8a3071ea4344d9d48ef8a4df2c097372b0c5161/bin/remote-cli:/opt/ros/foxy/bin:/usr/local/sbin:/usr/local/bin:/usr/sbin:/usr/bin:/sbin:/bin'), ('REMOTE_CONTAINERS_SOCKETS', '["/tmp/vscode-ssh-auth-bcd2ae9db1642e545fffb190efd4e5748b494a64.sock"]'), ('LANG', 'en_US.UTF-8'), ('VSCODE_GIT_IPC_HANDLE', '/tmp/vscode-git-876531aff6.sock'), ('TERM_PROGRAM', 'vscode'), ('SSH_AUTH_SOCK', '/tmp/vscode-ssh-auth-bcd2ae9db1642e545fffb190efd4e5748b494a64.sock'), ('AMENT_PREFIX_PATH', '/workspaces/vscode-docker/install/publisher_example:/opt/ros/foxy'), ('SHELL', '/bin/bash'), ('LESSCLOSE', '/usr/bin/lesspipe %s %s'), ('VSCODE_GIT_ASKPASS_EXTRA_ARGS', ''), ('PWD', '/workspaces/vscode-docker/build/publisher_example'), ('PYTHONPATH', '/opt/ros/foxy/lib/python3.8/site-packages'), ('COLCON', '1'), ('CMAKE_PREFIX_PATH', '/workspaces/vscode-docker/install/publisher_example:/opt/ros/foxy')]), 'shell': False}
[0.699678] (-) TimerEvent: {}
[0.715636] (publisher_example) StdoutLine: {'line': b'-- Install configuration: ""\n'}
[0.782955] (publisher_example) StdoutLine: {'line': b'-- Up-to-date: /workspaces/vscode-docker/install/publisher_example/lib/publisher_example/publisher\n'}
[0.799828] (-) TimerEvent: {}
[0.890816] (publisher_example) StdoutLine: {'line': b'-- Up-to-date: /workspaces/vscode-docker/install/publisher_example/share/ament_index/resource_index/package_run_dependencies/publisher_example\n'}
[0.900037] (-) TimerEvent: {}
[0.948626] (publisher_example) StdoutLine: {'line': b'-- Up-to-date: /workspaces/vscode-docker/install/publisher_example/share/ament_index/resource_index/parent_prefix_path/publisher_example\n'}
[1.000181] (-) TimerEvent: {}
[1.033463] (publisher_example) StdoutLine: {'line': b'-- Up-to-date: /workspaces/vscode-docker/install/publisher_example/share/publisher_example/environment/ament_prefix_path.sh\n'}
[1.067672] (publisher_example) StdoutLine: {'line': b'-- Up-to-date: /workspaces/vscode-docker/install/publisher_example/share/publisher_example/environment/ament_prefix_path.dsv\n'}
[1.089530] (publisher_example) StdoutLine: {'line': b'-- Up-to-date: /workspaces/vscode-docker/install/publisher_example/share/publisher_example/environment/path.sh\n'}
[1.100312] (-) TimerEvent: {}
[1.119296] (publisher_example) StdoutLine: {'line': b'-- Up-to-date: /workspaces/vscode-docker/install/publisher_example/share/publisher_example/environment/path.dsv\n'}
[1.151747] (publisher_example) StdoutLine: {'line': b'-- Up-to-date: /workspaces/vscode-docker/install/publisher_example/share/publisher_example/local_setup.bash\n'}
[1.178262] (publisher_example) StdoutLine: {'line': b'-- Up-to-date: /workspaces/vscode-docker/install/publisher_example/share/publisher_example/local_setup.sh\n'}
[1.200472] (-) TimerEvent: {}
[1.204353] (publisher_example) StdoutLine: {'line': b'-- Up-to-date: /workspaces/vscode-docker/install/publisher_example/share/publisher_example/local_setup.zsh\n'}
[1.232183] (publisher_example) StdoutLine: {'line': b'-- Up-to-date: /workspaces/vscode-docker/install/publisher_example/share/publisher_example/local_setup.dsv\n'}
[1.260300] (publisher_example) StdoutLine: {'line': b'-- Installing: /workspaces/vscode-docker/install/publisher_example/share/publisher_example/package.dsv\n'}
[1.300604] (-) TimerEvent: {}
[1.369435] (publisher_example) StdoutLine: {'line': b'-- Up-to-date: /workspaces/vscode-docker/install/publisher_example/share/ament_index/resource_index/packages/publisher_example\n'}
[1.400771] (-) TimerEvent: {}
[1.404259] (publisher_example) StdoutLine: {'line': b'-- Up-to-date: /workspaces/vscode-docker/install/publisher_example/share/publisher_example/cmake/publisher_exampleConfig.cmake\n'}
[1.431916] (publisher_example) StdoutLine: {'line': b'-- Up-to-date: /workspaces/vscode-docker/install/publisher_example/share/publisher_example/cmake/publisher_exampleConfig-version.cmake\n'}
[1.464487] (publisher_example) StdoutLine: {'line': b'-- Up-to-date: /workspaces/vscode-docker/install/publisher_example/share/publisher_example/package.xml\n'}
[1.479525] (publisher_example) CommandEnded: {'returncode': 0}
[1.500934] (-) TimerEvent: {}
[1.601746] (-) TimerEvent: {}
[1.702581] (-) TimerEvent: {}
[1.803375] (-) TimerEvent: {}
[1.904080] (-) TimerEvent: {}
[2.005278] (-) TimerEvent: {}
[2.107571] (-) TimerEvent: {}
[2.208564] (-) TimerEvent: {}
[2.309612] (-) TimerEvent: {}
[2.410747] (-) TimerEvent: {}
[2.487348] (publisher_example) JobEnded: {'identifier': 'publisher_example', 'rc': 0}
[2.502295] (-) EventReactorShutdown: {}
