[0.000000] (-) TimerEvent: {}
[0.000813] (publisher_example) JobQueued: {'identifier': 'publisher_example', 'dependencies': OrderedDict()}
[0.002773] (publisher_example) JobStarted: {'identifier': 'publisher_example'}
[0.096357] (-) TimerEvent: {}
[0.118591] (publisher_example) JobProgress: {'identifier': 'publisher_example', 'progress': 'cmake'}
[0.156392] (publisher_example) JobProgress: {'identifier': 'publisher_example', 'progress': 'build'}
[0.165543] (publisher_example) Command: {'cmd': ['/usr/bin/cmake', '--build', '/workspaces/vscode-docker/build/publisher_example', '--', '-j8', '-l8'], 'cwd': '/workspaces/vscode-docker/build/publisher_example', 'env': OrderedDict([('LESSOPEN', '| /usr/bin/lesspipe %s'), ('HOSTNAME', '004196d469cc'), ('GIT_ASKPASS', '/vscode/vscode-server/bin/linux-x64/e8a3071ea4344d9d48ef8a4df2c097372b0c5161/extensions/git/dist/askpass.sh'), ('SHLVL', '2'), ('LD_LIBRARY_PATH', '/opt/ros/foxy/opt/yaml_cpp_vendor/lib:/opt/ros/foxy/lib/x86_64-linux-gnu:/opt/ros/foxy/lib'), ('BROWSER', '/vscode/vscode-server/bin/linux-x64/e8a3071ea4344d9d48ef8a4df2c097372b0c5161/bin/helpers/browser.sh'), ('AMENT_CPPCHECK_ALLOW_SLOW_VERSIONS', '1'), ('HOME', '/home/ros'), ('TERM_PROGRAM_VERSION', '1.74.2'), ('VSCODE_IPC_HOOK_CLI', '/tmp/vscode-ipc-5a6b0c9f-0093-481c-96aa-63e5efe00201.sock'), ('ROS_PYTHON_VERSION', '3'), ('VSCODE_GIT_ASKPASS_MAIN', '/vscode/vscode-server/bin/linux-x64/e8a3071ea4344d9d48ef8a4df2c097372b0c5161/extensions/git/dist/askpass-main.js'), ('VSCODE_GIT_ASKPASS_NODE', '/vscode/vscode-server/bin/linux-x64/e8a3071ea4344d9d48ef8a4df2c097372b0c5161/node'), ('COLORTERM', 'truecolor'), ('REMOTE_CONTAINERS', 'true'), ('COLCON_PREFIX_PATH', '/workspaces/vscode-docker/install:/opt/ros/foxy'), ('ROS_DISTRO', 'foxy'), ('REMOTE_CONTAINERS_IPC', '/tmp/vscode-remote-containers-ipc-bcd2ae9db1642e545fffb190efd4e5748b494a64.sock'), ('_', '/usr/bin/colcon'), ('ROS_VERSION', '2'), ('TERM', 'xterm-256color'), ('ROS_LOCALHOST_ONLY', '0'), ('PATH', '/vscode/vscode-server/bin/linux-x64/e8a3071ea4344d9d48ef8a4df2c097372b0c5161/bin/remote-cli:/opt/ros/foxy/bin:/usr/local/sbin:/usr/local/bin:/usr/sbin:/usr/bin:/sbin:/bin'), ('REMOTE_CONTAINERS_SOCKETS', '["/tmp/vscode-ssh-auth-bcd2ae9db1642e545fffb190efd4e5748b494a64.sock"]'), ('LANG', 'en_US.UTF-8'), ('VSCODE_GIT_IPC_HANDLE', '/tmp/vscode-git-876531aff6.sock'), ('TERM_PROGRAM', 'vscode'), ('SSH_AUTH_SOCK', '/tmp/vscode-ssh-auth-bcd2ae9db1642e545fffb190efd4e5748b494a64.sock'), ('AMENT_PREFIX_PATH', '/workspaces/vscode-docker/install/publisher_example:/opt/ros/foxy'), ('SHELL', '/bin/bash'), ('LESSCLOSE', '/usr/bin/lesspipe %s %s'), ('VSCODE_GIT_ASKPASS_EXTRA_ARGS', ''), ('PWD', '/workspaces/vscode-docker/build/publisher_example'), ('PYTHONPATH', '/opt/ros/foxy/lib/python3.8/site-packages'), ('COLCON', '1'), ('CMAKE_PREFIX_PATH', '/workspaces/vscode-docker/install/publisher_example:/opt/ros/foxy')]), 'shell': False}
[0.196544] (-) TimerEvent: {}
[0.297401] (-) TimerEvent: {}
[0.398006] (-) TimerEvent: {}
[0.498720] (-) TimerEvent: {}
[0.537893] (publisher_example) StdoutLine: {'line': b'[100%] Built target publisher\n'}
[0.584690] (publisher_example) CommandEnded: {'returncode': 0}
[0.598940] (-) TimerEvent: {}
[0.663920] (publisher_example) JobProgress: {'identifier': 'publisher_example', 'progress': 'install'}
[0.692957] (publisher_example) Command: {'cmd': ['/usr/bin/cmake', '--install', '/workspaces/vscode-docker/build/publisher_example'], 'cwd': '/workspaces/vscode-docker/build/publisher_example', 'env': OrderedDict([('LESSOPEN', '| /usr/bin/lesspipe %s'), ('HOSTNAME', '004196d469cc'), ('GIT_ASKPASS', '/vscode/vscode-server/bin/linux-x64/e8a3071ea4344d9d48ef8a4df2c097372b0c5161/extensions/git/dist/askpass.sh'), ('SHLVL', '2'), ('LD_LIBRARY_PATH', '/opt/ros/foxy/opt/yaml_cpp_vendor/lib:/opt/ros/foxy/lib/x86_64-linux-gnu:/opt/ros/foxy/lib'), ('BROWSER', '/vscode/vscode-server/bin/linux-x64/e8a3071ea4344d9d48ef8a4df2c097372b0c5161/bin/helpers/browser.sh'), ('AMENT_CPPCHECK_ALLOW_SLOW_VERSIONS', '1'), ('HOME', '/home/ros'), ('TERM_PROGRAM_VERSION', '1.74.2'), ('VSCODE_IPC_HOOK_CLI', '/tmp/vscode-ipc-5a6b0c9f-0093-481c-96aa-63e5efe00201.sock'), ('ROS_PYTHON_VERSION', '3'), ('VSCODE_GIT_ASKPASS_MAIN', '/vscode/vscode-server/bin/linux-x64/e8a3071ea4344d9d48ef8a4df2c097372b0c5161/extensions/git/dist/askpass-main.js'), ('VSCODE_GIT_ASKPASS_NODE', '/vscode/vscode-server/bin/linux-x64/e8a3071ea4344d9d48ef8a4df2c097372b0c5161/node'), ('COLORTERM', 'truecolor'), ('REMOTE_CONTAINERS', 'true'), ('COLCON_PREFIX_PATH', '/workspaces/vscode-docker/install:/opt/ros/foxy'), ('ROS_DISTRO', 'foxy'), ('REMOTE_CONTAINERS_IPC', '/tmp/vscode-remote-containers-ipc-bcd2ae9db1642e545fffb190efd4e5748b494a64.sock'), ('_', '/usr/bin/colcon'), ('ROS_VERSION', '2'), ('TERM', 'xterm-256color'), ('ROS_LOCALHOST_ONLY', '0'), ('PATH', '/vscode/vscode-server/bin/linux-x64/e8a3071ea4344d9d48ef8a4df2c097372b0c5161/bin/remote-cli:/opt/ros/foxy/bin:/usr/local/sbin:/usr/local/bin:/usr/sbin:/usr/bin:/sbin:/bin'), ('REMOTE_CONTAINERS_SOCKETS', '["/tmp/vscode-ssh-auth-bcd2ae9db1642e545fffb190efd4e5748b494a64.sock"]'), ('LANG', 'en_US.UTF-8'), ('VSCODE_GIT_IPC_HANDLE', '/tmp/vscode-git-876531aff6.sock'), ('TERM_PROGRAM', 'vscode'), ('SSH_AUTH_SOCK', '/tmp/vscode-ssh-auth-bcd2ae9db1642e545fffb190efd4e5748b494a64.sock'), ('AMENT_PREFIX_PATH', '/workspaces/vscode-docker/install/publisher_example:/opt/ros/foxy'), ('SHELL', '/bin/bash'), ('LESSCLOSE', '/usr/bin/lesspipe %s %s'), ('VSCODE_GIT_ASKPASS_EXTRA_ARGS', ''), ('PWD', '/workspaces/vscode-docker/build/publisher_example'), ('PYTHONPATH', '/opt/ros/foxy/lib/python3.8/site-packages'), ('COLCON', '1'), ('CMAKE_PREFIX_PATH', '/workspaces/vscode-docker/install/publisher_example:/opt/ros/foxy')]), 'shell': False}
[0.699306] (-) TimerEvent: {}
[0.714510] (publisher_example) StdoutLine: {'line': b'-- Install configuration: ""\n'}
[0.775574] (publisher_example) StdoutLine: {'line': b'-- Up-to-date: /workspaces/vscode-docker/install/publisher_example/lib/publisher_example/publisher\n'}
[0.799491] (-) TimerEvent: {}
[0.885550] (publisher_example) StdoutLine: {'line': b'-- Up-to-date: /workspaces/vscode-docker/install/publisher_example/share/ament_index/resource_index/package_run_dependencies/publisher_example\n'}
[0.899670] (-) TimerEvent: {}
[0.935744] (publisher_example) StdoutLine: {'line': b'-- Up-to-date: /workspaces/vscode-docker/install/publisher_example/share/ament_index/resource_index/parent_prefix_path/publisher_example\n'}
[0.968999] (publisher_example) StdoutLine: {'line': b'-- Up-to-date: /workspaces/vscode-docker/install/publisher_example/share/publisher_example/environment/ament_prefix_path.sh\n'}
[0.999882] (-) TimerEvent: {}
[1.010175] (publisher_example) StdoutLine: {'line': b'-- Up-to-date: /workspaces/vscode-docker/install/publisher_example/share/publisher_example/environment/ament_prefix_path.dsv\n'}
[1.044086] (publisher_example) StdoutLine: {'line': b'-- Up-to-date: /workspaces/vscode-docker/install/publisher_example/share/publisher_example/environment/path.sh\n'}
[1.077597] (publisher_example) StdoutLine: {'line': b'-- Up-to-date: /workspaces/vscode-docker/install/publisher_example/share/publisher_example/environment/path.dsv\n'}
[1.100074] (-) TimerEvent: {}
[1.114145] (publisher_example) StdoutLine: {'line': b'-- Up-to-date: /workspaces/vscode-docker/install/publisher_example/share/publisher_example/local_setup.bash\n'}
[1.145587] (publisher_example) StdoutLine: {'line': b'-- Up-to-date: /workspaces/vscode-docker/install/publisher_example/share/publisher_example/local_setup.sh\n'}
[1.180601] (publisher_example) StdoutLine: {'line': b'-- Up-to-date: /workspaces/vscode-docker/install/publisher_example/share/publisher_example/local_setup.zsh\n'}
[1.200268] (-) TimerEvent: {}
[1.213754] (publisher_example) StdoutLine: {'line': b'-- Up-to-date: /workspaces/vscode-docker/install/publisher_example/share/publisher_example/local_setup.dsv\n'}
[1.245908] (publisher_example) StdoutLine: {'line': b'-- Installing: /workspaces/vscode-docker/install/publisher_example/share/publisher_example/package.dsv\n'}
[1.300437] (-) TimerEvent: {}
[1.351004] (publisher_example) StdoutLine: {'line': b'-- Up-to-date: /workspaces/vscode-docker/install/publisher_example/share/ament_index/resource_index/packages/publisher_example\n'}
[1.381869] (publisher_example) StdoutLine: {'line': b'-- Up-to-date: /workspaces/vscode-docker/install/publisher_example/share/publisher_example/cmake/publisher_exampleConfig.cmake\n'}
[1.400597] (-) TimerEvent: {}
[1.403917] (publisher_example) StdoutLine: {'line': b'-- Up-to-date: /workspaces/vscode-docker/install/publisher_example/share/publisher_example/cmake/publisher_exampleConfig-version.cmake\n'}
[1.436123] (publisher_example) StdoutLine: {'line': b'-- Up-to-date: /workspaces/vscode-docker/install/publisher_example/share/publisher_example/package.xml\n'}
[1.451265] (publisher_example) CommandEnded: {'returncode': 0}
[1.500811] (-) TimerEvent: {}
[1.601560] (-) TimerEvent: {}
[1.702213] (-) TimerEvent: {}
[1.802856] (-) TimerEvent: {}
[1.903407] (-) TimerEvent: {}
[2.005107] (-) TimerEvent: {}
[2.106364] (-) TimerEvent: {}
[2.207210] (-) TimerEvent: {}
[2.308018] (-) TimerEvent: {}
[2.409901] (-) TimerEvent: {}
[2.511593] (-) TimerEvent: {}
[2.587208] (publisher_example) JobEnded: {'identifier': 'publisher_example', 'rc': 0}
[2.602849] (-) EventReactorShutdown: {}
