[0.307s] DEBUG:colcon:Command line arguments: ['/usr/bin/colcon', 'build']
[0.307s] DEBUG:colcon:Parsed command line arguments: Namespace(allow_overriding=[], ament_cmake_args=None, base_paths=['.'], build_base='build', catkin_cmake_args=None, catkin_skip_building_tests=False, cmake_args=None, cmake_clean_cache=False, cmake_clean_first=False, cmake_force_configure=False, cmake_target=None, cmake_target_skip_unavailable=False, continue_on_error=False, event_handlers=None, executor='parallel', ignore_user_meta=False, install_base='install', log_base=None, log_level=None, main=<bound method BuildVerb.main of <colcon_core.verb.build.BuildVerb object at 0x7f1be7d11820>>, merge_install=False, metas=['./colcon.meta'], packages_above=None, packages_above_and_dependencies=None, packages_above_depth=None, packages_end=None, packages_ignore=None, packages_ignore_regex=None, packages_select=None, packages_select_build_failed=False, packages_select_by_dep=None, packages_select_regex=None, packages_select_test_failures=False, packages_skip=None, packages_skip_build_finished=False, packages_skip_by_dep=None, packages_skip_regex=None, packages_skip_test_passed=False, packages_skip_up_to=None, packages_start=None, packages_up_to=None, packages_up_to_regex=None, parallel_workers=8, paths=None, symlink_install=False, test_result_base=None, verb_extension=<colcon_core.verb.build.BuildVerb object at 0x7f1be7d11820>, verb_name='build', verb_parser=<colcon_defaults.argument_parser.defaults.DefaultArgumentsDecorator object at 0x7f1be7d11d90>)
[0.367s] Level 1:colcon.colcon_core.package_discovery:discover_packages(colcon_meta) check parameters
[0.368s] Level 1:colcon.colcon_core.package_discovery:discover_packages(recursive) check parameters
[0.369s] Level 1:colcon.colcon_core.package_discovery:discover_packages(ignore) check parameters
[0.369s] Level 1:colcon.colcon_core.package_discovery:discover_packages(path) check parameters
[0.369s] Level 1:colcon.colcon_core.package_discovery:discover_packages(colcon_meta) discover
[0.370s] Level 1:colcon.colcon_core.package_discovery:discover_packages(recursive) discover
[0.370s] INFO:colcon.colcon_core.package_discovery:Crawling recursively for packages in '/workspaces/vscode-docker'
[0.372s] Level 1:colcon.colcon_core.package_identification:_identify(.) by extensions ['ignore', 'ignore_ament_install']
[0.372s] Level 1:colcon.colcon_core.package_identification:_identify(.) by extension 'ignore'
[0.373s] Level 1:colcon.colcon_core.package_identification:_identify(.) by extension 'ignore_ament_install'
[0.374s] Level 1:colcon.colcon_core.package_identification:_identify(.) by extensions ['colcon_pkg']
[0.374s] Level 1:colcon.colcon_core.package_identification:_identify(.) by extension 'colcon_pkg'
[0.375s] Level 1:colcon.colcon_core.package_identification:_identify(.) by extensions ['colcon_meta']
[0.375s] Level 1:colcon.colcon_core.package_identification:_identify(.) by extension 'colcon_meta'
[0.375s] Level 1:colcon.colcon_core.package_identification:_identify(.) by extensions ['ros']
[0.375s] Level 1:colcon.colcon_core.package_identification:_identify(.) by extension 'ros'
[0.398s] Level 1:colcon.colcon_core.package_identification:_identify(.) by extensions ['cmake', 'python']
[0.399s] Level 1:colcon.colcon_core.package_identification:_identify(.) by extension 'cmake'
[0.400s] Level 1:colcon.colcon_core.package_identification:_identify(.) by extension 'python'
[0.401s] Level 1:colcon.colcon_core.package_identification:_identify(.) by extensions ['python_setup_py']
[0.402s] Level 1:colcon.colcon_core.package_identification:_identify(.) by extension 'python_setup_py'
[0.406s] Level 1:colcon.colcon_core.package_identification:_identify(build) by extensions ['ignore', 'ignore_ament_install']
[0.407s] Level 1:colcon.colcon_core.package_identification:_identify(build) by extension 'ignore'
[0.408s] Level 1:colcon.colcon_core.package_identification:_identify(build) ignored
[0.413s] Level 1:colcon.colcon_core.package_identification:_identify(install) by extensions ['ignore', 'ignore_ament_install']
[0.413s] Level 1:colcon.colcon_core.package_identification:_identify(install) by extension 'ignore'
[0.417s] Level 1:colcon.colcon_core.package_identification:_identify(install) ignored
[0.423s] Level 1:colcon.colcon_core.package_identification:_identify(log) by extensions ['ignore', 'ignore_ament_install']
[0.423s] Level 1:colcon.colcon_core.package_identification:_identify(log) by extension 'ignore'
[0.424s] Level 1:colcon.colcon_core.package_identification:_identify(log) ignored
[0.426s] Level 1:colcon.colcon_core.package_identification:_identify(scripts) by extensions ['ignore', 'ignore_ament_install']
[0.427s] Level 1:colcon.colcon_core.package_identification:_identify(scripts) by extension 'ignore'
[0.428s] Level 1:colcon.colcon_core.package_identification:_identify(scripts) by extension 'ignore_ament_install'
[0.430s] Level 1:colcon.colcon_core.package_identification:_identify(scripts) by extensions ['colcon_pkg']
[0.430s] Level 1:colcon.colcon_core.package_identification:_identify(scripts) by extension 'colcon_pkg'
[0.431s] Level 1:colcon.colcon_core.package_identification:_identify(scripts) by extensions ['colcon_meta']
[0.432s] Level 1:colcon.colcon_core.package_identification:_identify(scripts) by extension 'colcon_meta'
[0.433s] Level 1:colcon.colcon_core.package_identification:_identify(scripts) by extensions ['ros']
[0.434s] Level 1:colcon.colcon_core.package_identification:_identify(scripts) by extension 'ros'
[0.436s] Level 1:colcon.colcon_core.package_identification:_identify(scripts) by extensions ['cmake', 'python']
[0.437s] Level 1:colcon.colcon_core.package_identification:_identify(scripts) by extension 'cmake'
[0.438s] Level 1:colcon.colcon_core.package_identification:_identify(scripts) by extension 'python'
[0.439s] Level 1:colcon.colcon_core.package_identification:_identify(scripts) by extensions ['python_setup_py']
[0.439s] Level 1:colcon.colcon_core.package_identification:_identify(scripts) by extension 'python_setup_py'
[0.444s] Level 1:colcon.colcon_core.package_identification:_identify(src) by extensions ['ignore', 'ignore_ament_install']
[0.445s] Level 1:colcon.colcon_core.package_identification:_identify(src) by extension 'ignore'
[0.447s] Level 1:colcon.colcon_core.package_identification:_identify(src) by extension 'ignore_ament_install'
[0.450s] Level 1:colcon.colcon_core.package_identification:_identify(src) by extensions ['colcon_pkg']
[0.450s] Level 1:colcon.colcon_core.package_identification:_identify(src) by extension 'colcon_pkg'
[0.452s] Level 1:colcon.colcon_core.package_identification:_identify(src) by extensions ['colcon_meta']
[0.452s] Level 1:colcon.colcon_core.package_identification:_identify(src) by extension 'colcon_meta'
[0.454s] Level 1:colcon.colcon_core.package_identification:_identify(src) by extensions ['ros']
[0.454s] Level 1:colcon.colcon_core.package_identification:_identify(src) by extension 'ros'
[0.459s] Level 1:colcon.colcon_core.package_identification:_identify(src) by extensions ['cmake', 'python']
[0.460s] Level 1:colcon.colcon_core.package_identification:_identify(src) by extension 'cmake'
[0.462s] Level 1:colcon.colcon_core.package_identification:_identify(src) by extension 'python'
[0.464s] Level 1:colcon.colcon_core.package_identification:_identify(src) by extensions ['python_setup_py']
[0.465s] Level 1:colcon.colcon_core.package_identification:_identify(src) by extension 'python_setup_py'
[0.472s] Level 1:colcon.colcon_core.package_identification:_identify(src/publisher_example) by extensions ['ignore', 'ignore_ament_install']
[0.473s] Level 1:colcon.colcon_core.package_identification:_identify(src/publisher_example) by extension 'ignore'
[0.474s] Level 1:colcon.colcon_core.package_identification:_identify(src/publisher_example) by extension 'ignore_ament_install'
[0.479s] Level 1:colcon.colcon_core.package_identification:_identify(src/publisher_example) by extensions ['colcon_pkg']
[0.479s] Level 1:colcon.colcon_core.package_identification:_identify(src/publisher_example) by extension 'colcon_pkg'
[0.483s] Level 1:colcon.colcon_core.package_identification:_identify(src/publisher_example) by extensions ['colcon_meta']
[0.486s] Level 1:colcon.colcon_core.package_identification:_identify(src/publisher_example) by extension 'colcon_meta'
[0.490s] Level 1:colcon.colcon_core.package_identification:_identify(src/publisher_example) by extensions ['ros']
[0.490s] Level 1:colcon.colcon_core.package_identification:_identify(src/publisher_example) by extension 'ros'
[0.516s] DEBUG:colcon.colcon_core.package_identification:Package 'src/publisher_example' with type 'ros.ament_cmake' and name 'publisher_example'
[0.517s] Level 1:colcon.colcon_core.package_discovery:discover_packages(recursive) using defaults
[0.517s] Level 1:colcon.colcon_core.package_discovery:discover_packages(ignore) discover
[0.517s] Level 1:colcon.colcon_core.package_discovery:discover_packages(ignore) using defaults
[0.518s] Level 1:colcon.colcon_core.package_discovery:discover_packages(path) discover
[0.518s] Level 1:colcon.colcon_core.package_discovery:discover_packages(path) using defaults
[0.574s] Level 1:colcon.colcon_core.package_discovery:discover_packages(prefix_path) check parameters
[0.574s] Level 1:colcon.colcon_core.package_discovery:discover_packages(prefix_path) discover
[0.641s] DEBUG:colcon.colcon_installed_package_information.package_discovery:Found 1 installed packages in /workspaces/vscode-docker/install
[0.645s] DEBUG:colcon.colcon_installed_package_information.package_discovery:Found 168 installed packages in /opt/ros/foxy
[0.648s] Level 1:colcon.colcon_core.package_discovery:discover_packages(prefix_path) using defaults
[0.739s] Level 5:colcon.colcon_core.verb:set package 'publisher_example' build argument 'cmake_args' from command line to 'None'
[0.740s] Level 5:colcon.colcon_core.verb:set package 'publisher_example' build argument 'cmake_target' from command line to 'None'
[0.740s] Level 5:colcon.colcon_core.verb:set package 'publisher_example' build argument 'cmake_target_skip_unavailable' from command line to 'False'
[0.741s] Level 5:colcon.colcon_core.verb:set package 'publisher_example' build argument 'cmake_clean_cache' from command line to 'False'
[0.741s] Level 5:colcon.colcon_core.verb:set package 'publisher_example' build argument 'cmake_clean_first' from command line to 'False'
[0.742s] Level 5:colcon.colcon_core.verb:set package 'publisher_example' build argument 'cmake_force_configure' from command line to 'False'
[0.742s] Level 5:colcon.colcon_core.verb:set package 'publisher_example' build argument 'ament_cmake_args' from command line to 'None'
[0.743s] Level 5:colcon.colcon_core.verb:set package 'publisher_example' build argument 'catkin_cmake_args' from command line to 'None'
[0.743s] Level 5:colcon.colcon_core.verb:set package 'publisher_example' build argument 'catkin_skip_building_tests' from command line to 'False'
[0.743s] DEBUG:colcon.colcon_core.verb:Building package 'publisher_example' with the following arguments: {'ament_cmake_args': None, 'build_base': '/workspaces/vscode-docker/build/publisher_example', 'catkin_cmake_args': None, 'catkin_skip_building_tests': False, 'cmake_args': None, 'cmake_clean_cache': False, 'cmake_clean_first': False, 'cmake_force_configure': False, 'cmake_target': None, 'cmake_target_skip_unavailable': False, 'install_base': '/workspaces/vscode-docker/install/publisher_example', 'merge_install': False, 'path': '/workspaces/vscode-docker/src/publisher_example', 'symlink_install': False, 'test_result_base': None}
[0.745s] INFO:colcon.colcon_core.executor:Executing jobs using 'parallel' executor
[0.752s] DEBUG:colcon.colcon_parallel_executor.executor.parallel:run_until_complete
[0.753s] INFO:colcon.colcon_ros.task.ament_cmake.build:Building ROS package in '/workspaces/vscode-docker/src/publisher_example' with build type 'ament_cmake'
[0.753s] INFO:colcon.colcon_cmake.task.cmake.build:Building CMake package in '/workspaces/vscode-docker/src/publisher_example'
[0.764s] INFO:colcon.colcon_core.plugin_system:Skipping extension 'colcon_core.shell.bat': Not used on non-Windows systems
[0.766s] INFO:colcon.colcon_core.shell:Skip shell extension 'powershell' for command environment: Not usable outside of PowerShell
[0.767s] DEBUG:colcon.colcon_core.shell:Skip shell extension 'dsv' for command environment
[0.942s] DEBUG:colcon.colcon_core.event_handler.log_command:Invoking command in '/workspaces/vscode-docker/build/publisher_example': CMAKE_PREFIX_PATH=${CMAKE_PREFIX_PATH}:/opt/ros/foxy /usr/bin/cmake --build /workspaces/vscode-docker/build/publisher_example -- -j8 -l8
[1.341s] DEBUG:colcon.colcon_core.event_handler.log_command:Invoked command in '/workspaces/vscode-docker/build/publisher_example' returned '0': CMAKE_PREFIX_PATH=${CMAKE_PREFIX_PATH}:/opt/ros/foxy /usr/bin/cmake --build /workspaces/vscode-docker/build/publisher_example -- -j8 -l8
[1.454s] DEBUG:colcon.colcon_core.event_handler.log_command:Invoking command in '/workspaces/vscode-docker/build/publisher_example': CMAKE_PREFIX_PATH=${CMAKE_PREFIX_PATH}:/opt/ros/foxy /usr/bin/cmake --install /workspaces/vscode-docker/build/publisher_example
[2.206s] Level 1:colcon.colcon_core.environment:create_environment_scripts_only(publisher_example)
[2.210s] DEBUG:colcon.colcon_core.event_handler.log_command:Invoked command in '/workspaces/vscode-docker/build/publisher_example' returned '0': CMAKE_PREFIX_PATH=${CMAKE_PREFIX_PATH}:/opt/ros/foxy /usr/bin/cmake --install /workspaces/vscode-docker/build/publisher_example
[2.217s] Level 1:colcon.colcon_core.environment:checking '/workspaces/vscode-docker/install/publisher_example' for CMake module files
[2.397s] Level 1:colcon.colcon_core.environment:checking '/workspaces/vscode-docker/install/publisher_example' for CMake config files
[2.507s] Level 1:colcon.colcon_core.shell:create_environment_hook('publisher_example', 'cmake_prefix_path')
[2.509s] INFO:colcon.colcon_core.shell:Creating environment hook '/workspaces/vscode-docker/install/publisher_example/share/publisher_example/hook/cmake_prefix_path.ps1'
[2.533s] INFO:colcon.colcon_core.shell:Creating environment descriptor '/workspaces/vscode-docker/install/publisher_example/share/publisher_example/hook/cmake_prefix_path.dsv'
[2.557s] INFO:colcon.colcon_core.shell:Creating environment hook '/workspaces/vscode-docker/install/publisher_example/share/publisher_example/hook/cmake_prefix_path.sh'
[2.596s] Level 1:colcon.colcon_core.environment:checking '/workspaces/vscode-docker/install/publisher_example/lib'
[2.604s] Level 1:colcon.colcon_core.environment:checking '/workspaces/vscode-docker/install/publisher_example/bin'
[2.606s] Level 1:colcon.colcon_core.environment:checking '/workspaces/vscode-docker/install/publisher_example/lib/pkgconfig/publisher_example.pc'
[2.608s] Level 1:colcon.colcon_core.environment:checking '/workspaces/vscode-docker/install/publisher_example/lib/python3.8/site-packages'
[2.611s] Level 1:colcon.colcon_core.environment:checking '/workspaces/vscode-docker/install/publisher_example/bin'
[2.617s] INFO:colcon.colcon_core.shell:Creating package script '/workspaces/vscode-docker/install/publisher_example/share/publisher_example/package.ps1'
[2.640s] INFO:colcon.colcon_core.shell:Creating package descriptor '/workspaces/vscode-docker/install/publisher_example/share/publisher_example/package.dsv'
[2.661s] INFO:colcon.colcon_core.shell:Creating package script '/workspaces/vscode-docker/install/publisher_example/share/publisher_example/package.sh'
[2.687s] INFO:colcon.colcon_core.shell:Creating package script '/workspaces/vscode-docker/install/publisher_example/share/publisher_example/package.bash'
[2.711s] INFO:colcon.colcon_core.shell:Creating package script '/workspaces/vscode-docker/install/publisher_example/share/publisher_example/package.zsh'
[2.732s] Level 1:colcon.colcon_core.environment:create_file_with_runtime_dependencies(/workspaces/vscode-docker/install/publisher_example/share/colcon-core/packages/publisher_example)
[2.829s] Level 1:colcon.colcon_core.environment:create_environment_scripts_only(publisher_example)
[2.833s] Level 1:colcon.colcon_core.environment:checking '/workspaces/vscode-docker/install/publisher_example' for CMake module files
[3.007s] Level 1:colcon.colcon_core.environment:checking '/workspaces/vscode-docker/install/publisher_example' for CMake config files
[3.141s] Level 1:colcon.colcon_core.shell:create_environment_hook('publisher_example', 'cmake_prefix_path')
[3.145s] INFO:colcon.colcon_core.shell:Creating environment hook '/workspaces/vscode-docker/install/publisher_example/share/publisher_example/hook/cmake_prefix_path.ps1'
[3.165s] INFO:colcon.colcon_core.shell:Creating environment descriptor '/workspaces/vscode-docker/install/publisher_example/share/publisher_example/hook/cmake_prefix_path.dsv'
[3.188s] INFO:colcon.colcon_core.shell:Creating environment hook '/workspaces/vscode-docker/install/publisher_example/share/publisher_example/hook/cmake_prefix_path.sh'
[3.212s] Level 1:colcon.colcon_core.environment:checking '/workspaces/vscode-docker/install/publisher_example/lib'
[3.219s] Level 1:colcon.colcon_core.environment:checking '/workspaces/vscode-docker/install/publisher_example/bin'
[3.220s] Level 1:colcon.colcon_core.environment:checking '/workspaces/vscode-docker/install/publisher_example/lib/pkgconfig/publisher_example.pc'
[3.223s] Level 1:colcon.colcon_core.environment:checking '/workspaces/vscode-docker/install/publisher_example/lib/python3.8/site-packages'
[3.225s] Level 1:colcon.colcon_core.environment:checking '/workspaces/vscode-docker/install/publisher_example/bin'
[3.233s] INFO:colcon.colcon_core.shell:Creating package script '/workspaces/vscode-docker/install/publisher_example/share/publisher_example/package.ps1'
[3.252s] INFO:colcon.colcon_core.shell:Creating package descriptor '/workspaces/vscode-docker/install/publisher_example/share/publisher_example/package.dsv'
[3.269s] INFO:colcon.colcon_core.shell:Creating package script '/workspaces/vscode-docker/install/publisher_example/share/publisher_example/package.sh'
[3.290s] INFO:colcon.colcon_core.shell:Creating package script '/workspaces/vscode-docker/install/publisher_example/share/publisher_example/package.bash'
[3.312s] INFO:colcon.colcon_core.shell:Creating package script '/workspaces/vscode-docker/install/publisher_example/share/publisher_example/package.zsh'
[3.329s] Level 1:colcon.colcon_core.environment:create_file_with_runtime_dependencies(/workspaces/vscode-docker/install/publisher_example/share/colcon-core/packages/publisher_example)
[3.342s] DEBUG:colcon.colcon_parallel_executor.executor.parallel:closing loop
[3.343s] DEBUG:colcon.colcon_parallel_executor.executor.parallel:loop closed
[3.344s] DEBUG:colcon.colcon_parallel_executor.executor.parallel:run_until_complete finished with '0'
[3.345s] DEBUG:colcon.colcon_core.event_reactor:joining thread
[3.385s] INFO:colcon.colcon_core.plugin_system:Skipping extension 'colcon_notification.desktop_notification.notify_send': Could not find 'notify-send'
[3.386s] INFO:colcon.colcon_core.plugin_system:Skipping extension 'colcon_notification.desktop_notification.terminal_notifier': Not used on non-Darwin systems
[3.386s] INFO:colcon.colcon_core.plugin_system:Skipping extension 'colcon_notification.desktop_notification.win32': Not used on non-Windows systems
[3.387s] INFO:colcon.colcon_notification.desktop_notification:Sending desktop notification using 'notify2'
[3.387s] DEBUG:colcon.colcon_notification.desktop_notification.notify2:Failed to initialize notify2: org.freedesktop.DBus.Error.NotSupported: Unable to autolaunch a dbus-daemon without a $DISPLAY for X11
[3.387s] DEBUG:colcon.colcon_core.event_reactor:joined thread
[3.390s] INFO:colcon.colcon_core.shell:Creating prefix script '/workspaces/vscode-docker/install/local_setup.ps1'
[3.403s] INFO:colcon.colcon_core.shell:Creating prefix util module '/workspaces/vscode-docker/install/_local_setup_util_ps1.py'
[3.420s] INFO:colcon.colcon_core.shell:Creating prefix chain script '/workspaces/vscode-docker/install/setup.ps1'
[3.453s] INFO:colcon.colcon_core.shell:Creating prefix script '/workspaces/vscode-docker/install/local_setup.sh'
[3.463s] INFO:colcon.colcon_core.shell:Creating prefix util module '/workspaces/vscode-docker/install/_local_setup_util_sh.py'
[3.474s] INFO:colcon.colcon_core.shell:Creating prefix chain script '/workspaces/vscode-docker/install/setup.sh'
[3.501s] INFO:colcon.colcon_core.shell:Creating prefix script '/workspaces/vscode-docker/install/local_setup.bash'
[3.511s] INFO:colcon.colcon_core.shell:Creating prefix chain script '/workspaces/vscode-docker/install/setup.bash'
[3.537s] INFO:colcon.colcon_core.shell:Creating prefix script '/workspaces/vscode-docker/install/local_setup.zsh'
[3.545s] INFO:colcon.colcon_core.shell:Creating prefix chain script '/workspaces/vscode-docker/install/setup.zsh'
