[0.000000] (-) TimerEvent: {}
[0.000775] (publisher_example) JobQueued: {'identifier': 'publisher_example', 'dependencies': OrderedDict()}
[0.001217] (publisher_example) JobStarted: {'identifier': 'publisher_example'}
[0.096482] (-) TimerEvent: {}
[0.119725] (publisher_example) JobProgress: {'identifier': 'publisher_example', 'progress': 'cmake'}
[0.160419] (publisher_example) JobProgress: {'identifier': 'publisher_example', 'progress': 'build'}
[0.170136] (publisher_example) Command: {'cmd': ['/usr/bin/cmake', '--build', '/workspaces/vscode-docker/build/publisher_example', '--', '-j8', '-l8'], 'cwd': '/workspaces/vscode-docker/build/publisher_example', 'env': OrderedDict([('LESSOPEN', '| /usr/bin/lesspipe %s'), ('HOSTNAME', '004196d469cc'), ('GIT_ASKPASS', '/vscode/vscode-server/bin/linux-x64/e8a3071ea4344d9d48ef8a4df2c097372b0c5161/extensions/git/dist/askpass.sh'), ('SHLVL', '2'), ('LD_LIBRARY_PATH', '/opt/ros/foxy/opt/yaml_cpp_vendor/lib:/opt/ros/foxy/lib/x86_64-linux-gnu:/opt/ros/foxy/lib'), ('BROWSER', '/vscode/vscode-server/bin/linux-x64/e8a3071ea4344d9d48ef8a4df2c097372b0c5161/bin/helpers/browser.sh'), ('AMENT_CPPCHECK_ALLOW_SLOW_VERSIONS', '1'), ('HOME', '/home/ros'), ('TERM_PROGRAM_VERSION', '1.74.2'), ('VSCODE_IPC_HOOK_CLI', '/tmp/vscode-ipc-71179902-23b8-4120-8910-784982a4033c.sock'), ('ROS_PYTHON_VERSION', '3'), ('VSCODE_GIT_ASKPASS_MAIN', '/vscode/vscode-server/bin/linux-x64/e8a3071ea4344d9d48ef8a4df2c097372b0c5161/extensions/git/dist/askpass-main.js'), ('VSCODE_GIT_ASKPASS_NODE', '/vscode/vscode-server/bin/linux-x64/e8a3071ea4344d9d48ef8a4df2c097372b0c5161/node'), ('COLORTERM', 'truecolor'), ('REMOTE_CONTAINERS', 'true'), ('COLCON_PREFIX_PATH', '/workspaces/vscode-docker/install:/opt/ros/foxy'), ('ROS_DISTRO', 'foxy'), ('REMOTE_CONTAINERS_IPC', '/tmp/vscode-remote-containers-ipc-bcd2ae9db1642e545fffb190efd4e5748b494a64.sock'), ('_', '/usr/bin/colcon'), ('ROS_VERSION', '2'), ('TERM', 'xterm-256color'), ('ROS_LOCALHOST_ONLY', '0'), ('PATH', '/vscode/vscode-server/bin/linux-x64/e8a3071ea4344d9d48ef8a4df2c097372b0c5161/bin/remote-cli:/opt/ros/foxy/bin:/usr/local/sbin:/usr/local/bin:/usr/sbin:/usr/bin:/sbin:/bin'), ('REMOTE_CONTAINERS_SOCKETS', '["/tmp/vscode-ssh-auth-bcd2ae9db1642e545fffb190efd4e5748b494a64.sock"]'), ('LANG', 'en_US.UTF-8'), ('VSCODE_GIT_IPC_HANDLE', '/tmp/vscode-git-876531aff6.sock'), ('TERM_PROGRAM', 'vscode'), ('SSH_AUTH_SOCK', '/tmp/vscode-ssh-auth-bcd2ae9db1642e545fffb190efd4e5748b494a64.sock'), ('AMENT_PREFIX_PATH', '/workspaces/vscode-docker/install/publisher_example:/opt/ros/foxy'), ('SHELL', '/bin/bash'), ('LESSCLOSE', '/usr/bin/lesspipe %s %s'), ('VSCODE_GIT_ASKPASS_EXTRA_ARGS', ''), ('PWD', '/workspaces/vscode-docker/build/publisher_example'), ('PYTHONPATH', '/opt/ros/foxy/lib/python3.8/site-packages'), ('COLCON', '1'), ('CMAKE_PREFIX_PATH', '/workspaces/vscode-docker/install/publisher_example:/opt/ros/foxy')]), 'shell': False}
[0.196660] (-) TimerEvent: {}
[0.297468] (-) TimerEvent: {}
[0.398169] (-) TimerEvent: {}
[0.498872] (-) TimerEvent: {}
[0.508508] (publisher_example) StdoutLine: {'line': b'[100%] Built target publisher\n'}
[0.553380] (publisher_example) CommandEnded: {'returncode': 0}
[0.599072] (-) TimerEvent: {}
[0.624236] (publisher_example) JobProgress: {'identifier': 'publisher_example', 'progress': 'install'}
[0.652339] (publisher_example) Command: {'cmd': ['/usr/bin/cmake', '--install', '/workspaces/vscode-docker/build/publisher_example'], 'cwd': '/workspaces/vscode-docker/build/publisher_example', 'env': OrderedDict([('LESSOPEN', '| /usr/bin/lesspipe %s'), ('HOSTNAME', '004196d469cc'), ('GIT_ASKPASS', '/vscode/vscode-server/bin/linux-x64/e8a3071ea4344d9d48ef8a4df2c097372b0c5161/extensions/git/dist/askpass.sh'), ('SHLVL', '2'), ('LD_LIBRARY_PATH', '/opt/ros/foxy/opt/yaml_cpp_vendor/lib:/opt/ros/foxy/lib/x86_64-linux-gnu:/opt/ros/foxy/lib'), ('BROWSER', '/vscode/vscode-server/bin/linux-x64/e8a3071ea4344d9d48ef8a4df2c097372b0c5161/bin/helpers/browser.sh'), ('AMENT_CPPCHECK_ALLOW_SLOW_VERSIONS', '1'), ('HOME', '/home/ros'), ('TERM_PROGRAM_VERSION', '1.74.2'), ('VSCODE_IPC_HOOK_CLI', '/tmp/vscode-ipc-71179902-23b8-4120-8910-784982a4033c.sock'), ('ROS_PYTHON_VERSION', '3'), ('VSCODE_GIT_ASKPASS_MAIN', '/vscode/vscode-server/bin/linux-x64/e8a3071ea4344d9d48ef8a4df2c097372b0c5161/extensions/git/dist/askpass-main.js'), ('VSCODE_GIT_ASKPASS_NODE', '/vscode/vscode-server/bin/linux-x64/e8a3071ea4344d9d48ef8a4df2c097372b0c5161/node'), ('COLORTERM', 'truecolor'), ('REMOTE_CONTAINERS', 'true'), ('COLCON_PREFIX_PATH', '/workspaces/vscode-docker/install:/opt/ros/foxy'), ('ROS_DISTRO', 'foxy'), ('REMOTE_CONTAINERS_IPC', '/tmp/vscode-remote-containers-ipc-bcd2ae9db1642e545fffb190efd4e5748b494a64.sock'), ('_', '/usr/bin/colcon'), ('ROS_VERSION', '2'), ('TERM', 'xterm-256color'), ('ROS_LOCALHOST_ONLY', '0'), ('PATH', '/vscode/vscode-server/bin/linux-x64/e8a3071ea4344d9d48ef8a4df2c097372b0c5161/bin/remote-cli:/opt/ros/foxy/bin:/usr/local/sbin:/usr/local/bin:/usr/sbin:/usr/bin:/sbin:/bin'), ('REMOTE_CONTAINERS_SOCKETS', '["/tmp/vscode-ssh-auth-bcd2ae9db1642e545fffb190efd4e5748b494a64.sock"]'), ('LANG', 'en_US.UTF-8'), ('VSCODE_GIT_IPC_HANDLE', '/tmp/vscode-git-876531aff6.sock'), ('TERM_PROGRAM', 'vscode'), ('SSH_AUTH_SOCK', '/tmp/vscode-ssh-auth-bcd2ae9db1642e545fffb190efd4e5748b494a64.sock'), ('AMENT_PREFIX_PATH', '/workspaces/vscode-docker/install/publisher_example:/opt/ros/foxy'), ('SHELL', '/bin/bash'), ('LESSCLOSE', '/usr/bin/lesspipe %s %s'), ('VSCODE_GIT_ASKPASS_EXTRA_ARGS', ''), ('PWD', '/workspaces/vscode-docker/build/publisher_example'), ('PYTHONPATH', '/opt/ros/foxy/lib/python3.8/site-packages'), ('COLCON', '1'), ('CMAKE_PREFIX_PATH', '/workspaces/vscode-docker/install/publisher_example:/opt/ros/foxy')]), 'shell': False}
[0.672911] (publisher_example) StdoutLine: {'line': b'-- Install configuration: ""\n'}
[0.699231] (-) TimerEvent: {}
[0.730604] (publisher_example) StdoutLine: {'line': b'-- Up-to-date: /workspaces/vscode-docker/install/publisher_example/lib/publisher_example/publisher\n'}
[0.799413] (-) TimerEvent: {}
[0.828512] (publisher_example) StdoutLine: {'line': b'-- Up-to-date: /workspaces/vscode-docker/install/publisher_example/share/ament_index/resource_index/package_run_dependencies/publisher_example\n'}
[0.877930] (publisher_example) StdoutLine: {'line': b'-- Up-to-date: /workspaces/vscode-docker/install/publisher_example/share/ament_index/resource_index/parent_prefix_path/publisher_example\n'}
[0.899572] (-) TimerEvent: {}
[0.903557] (publisher_example) StdoutLine: {'line': b'-- Up-to-date: /workspaces/vscode-docker/install/publisher_example/share/publisher_example/environment/ament_prefix_path.sh\n'}
[0.939983] (publisher_example) StdoutLine: {'line': b'-- Up-to-date: /workspaces/vscode-docker/install/publisher_example/share/publisher_example/environment/ament_prefix_path.dsv\n'}
[0.964948] (publisher_example) StdoutLine: {'line': b'-- Up-to-date: /workspaces/vscode-docker/install/publisher_example/share/publisher_example/environment/path.sh\n'}
[0.995418] (publisher_example) StdoutLine: {'line': b'-- Up-to-date: /workspaces/vscode-docker/install/publisher_example/share/publisher_example/environment/path.dsv\n'}
[0.999692] (-) TimerEvent: {}
[1.033480] (publisher_example) StdoutLine: {'line': b'-- Up-to-date: /workspaces/vscode-docker/install/publisher_example/share/publisher_example/local_setup.bash\n'}
[1.064518] (publisher_example) StdoutLine: {'line': b'-- Up-to-date: /workspaces/vscode-docker/install/publisher_example/share/publisher_example/local_setup.sh\n'}
[1.089276] (publisher_example) StdoutLine: {'line': b'-- Up-to-date: /workspaces/vscode-docker/install/publisher_example/share/publisher_example/local_setup.zsh\n'}
[1.099909] (-) TimerEvent: {}
[1.130101] (publisher_example) StdoutLine: {'line': b'-- Up-to-date: /workspaces/vscode-docker/install/publisher_example/share/publisher_example/local_setup.dsv\n'}
[1.157888] (publisher_example) StdoutLine: {'line': b'-- Installing: /workspaces/vscode-docker/install/publisher_example/share/publisher_example/package.dsv\n'}
[1.200053] (-) TimerEvent: {}
[1.270002] (publisher_example) StdoutLine: {'line': b'-- Up-to-date: /workspaces/vscode-docker/install/publisher_example/share/ament_index/resource_index/packages/publisher_example\n'}
[1.300250] (-) TimerEvent: {}
[1.304917] (publisher_example) StdoutLine: {'line': b'-- Up-to-date: /workspaces/vscode-docker/install/publisher_example/share/publisher_example/cmake/publisher_exampleConfig.cmake\n'}
[1.331011] (publisher_example) StdoutLine: {'line': b'-- Up-to-date: /workspaces/vscode-docker/install/publisher_example/share/publisher_example/cmake/publisher_exampleConfig-version.cmake\n'}
[1.361717] (publisher_example) StdoutLine: {'line': b'-- Up-to-date: /workspaces/vscode-docker/install/publisher_example/share/publisher_example/package.xml\n'}
[1.376169] (publisher_example) CommandEnded: {'returncode': 0}
[1.400427] (-) TimerEvent: {}
[1.501025] (-) TimerEvent: {}
[1.602396] (-) TimerEvent: {}
[1.704336] (-) TimerEvent: {}
[1.805645] (-) TimerEvent: {}
[1.906779] (-) TimerEvent: {}
[2.007803] (-) TimerEvent: {}
[2.108470] (-) TimerEvent: {}
[2.209591] (-) TimerEvent: {}
[2.230991] (publisher_example) JobEnded: {'identifier': 'publisher_example', 'rc': 0}
[2.245087] (-) EventReactorShutdown: {}
