[0.401s] DEBUG:colcon:Command line arguments: ['/usr/bin/colcon', 'build']
[0.402s] DEBUG:colcon:Parsed command line arguments: Namespace(allow_overriding=[], ament_cmake_args=None, base_paths=['.'], build_base='build', catkin_cmake_args=None, catkin_skip_building_tests=False, cmake_args=None, cmake_clean_cache=False, cmake_clean_first=False, cmake_force_configure=False, cmake_target=None, cmake_target_skip_unavailable=False, continue_on_error=False, event_handlers=None, executor='parallel', ignore_user_meta=False, install_base='install', log_base=None, log_level=None, main=<bound method BuildVerb.main of <colcon_core.verb.build.BuildVerb object at 0x7f04ec327ac0>>, merge_install=False, metas=['./colcon.meta'], packages_above=None, packages_above_and_dependencies=None, packages_above_depth=None, packages_end=None, packages_ignore=None, packages_ignore_regex=None, packages_select=None, packages_select_build_failed=False, packages_select_by_dep=None, packages_select_regex=None, packages_select_test_failures=False, packages_skip=None, packages_skip_build_finished=False, packages_skip_by_dep=None, packages_skip_regex=None, packages_skip_test_passed=False, packages_skip_up_to=None, packages_start=None, packages_up_to=None, packages_up_to_regex=None, parallel_workers=8, paths=None, symlink_install=False, test_result_base=None, verb_extension=<colcon_core.verb.build.BuildVerb object at 0x7f04ec327ac0>, verb_name='build', verb_parser=<colcon_defaults.argument_parser.defaults.DefaultArgumentsDecorator object at 0x7f04ec334070>)
[0.507s] Level 1:colcon.colcon_core.package_discovery:discover_packages(colcon_meta) check parameters
[0.508s] Level 1:colcon.colcon_core.package_discovery:discover_packages(recursive) check parameters
[0.508s] Level 1:colcon.colcon_core.package_discovery:discover_packages(ignore) check parameters
[0.508s] Level 1:colcon.colcon_core.package_discovery:discover_packages(path) check parameters
[0.509s] Level 1:colcon.colcon_core.package_discovery:discover_packages(colcon_meta) discover
[0.509s] Level 1:colcon.colcon_core.package_discovery:discover_packages(recursive) discover
[0.510s] INFO:colcon.colcon_core.package_discovery:Crawling recursively for packages in '/workspaces/vscode-docker'
[0.511s] Level 1:colcon.colcon_core.package_identification:_identify(.) by extensions ['ignore', 'ignore_ament_install']
[0.512s] Level 1:colcon.colcon_core.package_identification:_identify(.) by extension 'ignore'
[0.513s] Level 1:colcon.colcon_core.package_identification:_identify(.) by extension 'ignore_ament_install'
[0.514s] Level 1:colcon.colcon_core.package_identification:_identify(.) by extensions ['colcon_pkg']
[0.515s] Level 1:colcon.colcon_core.package_identification:_identify(.) by extension 'colcon_pkg'
[0.516s] Level 1:colcon.colcon_core.package_identification:_identify(.) by extensions ['colcon_meta']
[0.516s] Level 1:colcon.colcon_core.package_identification:_identify(.) by extension 'colcon_meta'
[0.517s] Level 1:colcon.colcon_core.package_identification:_identify(.) by extensions ['ros']
[0.517s] Level 1:colcon.colcon_core.package_identification:_identify(.) by extension 'ros'
[0.549s] Level 1:colcon.colcon_core.package_identification:_identify(.) by extensions ['cmake', 'python']
[0.550s] Level 1:colcon.colcon_core.package_identification:_identify(.) by extension 'cmake'
[0.551s] Level 1:colcon.colcon_core.package_identification:_identify(.) by extension 'python'
[0.553s] Level 1:colcon.colcon_core.package_identification:_identify(.) by extensions ['python_setup_py']
[0.553s] Level 1:colcon.colcon_core.package_identification:_identify(.) by extension 'python_setup_py'
[0.561s] Level 1:colcon.colcon_core.package_identification:_identify(build) by extensions ['ignore', 'ignore_ament_install']
[0.561s] Level 1:colcon.colcon_core.package_identification:_identify(build) by extension 'ignore'
[0.564s] Level 1:colcon.colcon_core.package_identification:_identify(build) ignored
[0.570s] Level 1:colcon.colcon_core.package_identification:_identify(install) by extensions ['ignore', 'ignore_ament_install']
[0.570s] Level 1:colcon.colcon_core.package_identification:_identify(install) by extension 'ignore'
[0.572s] Level 1:colcon.colcon_core.package_identification:_identify(install) ignored
[0.578s] Level 1:colcon.colcon_core.package_identification:_identify(log) by extensions ['ignore', 'ignore_ament_install']
[0.579s] Level 1:colcon.colcon_core.package_identification:_identify(log) by extension 'ignore'
[0.581s] Level 1:colcon.colcon_core.package_identification:_identify(log) ignored
[0.585s] Level 1:colcon.colcon_core.package_identification:_identify(scripts) by extensions ['ignore', 'ignore_ament_install']
[0.586s] Level 1:colcon.colcon_core.package_identification:_identify(scripts) by extension 'ignore'
[0.587s] Level 1:colcon.colcon_core.package_identification:_identify(scripts) by extension 'ignore_ament_install'
[0.588s] Level 1:colcon.colcon_core.package_identification:_identify(scripts) by extensions ['colcon_pkg']
[0.589s] Level 1:colcon.colcon_core.package_identification:_identify(scripts) by extension 'colcon_pkg'
[0.590s] Level 1:colcon.colcon_core.package_identification:_identify(scripts) by extensions ['colcon_meta']
[0.590s] Level 1:colcon.colcon_core.package_identification:_identify(scripts) by extension 'colcon_meta'
[0.591s] Level 1:colcon.colcon_core.package_identification:_identify(scripts) by extensions ['ros']
[0.591s] Level 1:colcon.colcon_core.package_identification:_identify(scripts) by extension 'ros'
[0.593s] Level 1:colcon.colcon_core.package_identification:_identify(scripts) by extensions ['cmake', 'python']
[0.593s] Level 1:colcon.colcon_core.package_identification:_identify(scripts) by extension 'cmake'
[0.594s] Level 1:colcon.colcon_core.package_identification:_identify(scripts) by extension 'python'
[0.595s] Level 1:colcon.colcon_core.package_identification:_identify(scripts) by extensions ['python_setup_py']
[0.595s] Level 1:colcon.colcon_core.package_identification:_identify(scripts) by extension 'python_setup_py'
[0.601s] Level 1:colcon.colcon_core.package_identification:_identify(src) by extensions ['ignore', 'ignore_ament_install']
[0.602s] Level 1:colcon.colcon_core.package_identification:_identify(src) by extension 'ignore'
[0.604s] Level 1:colcon.colcon_core.package_identification:_identify(src) by extension 'ignore_ament_install'
[0.606s] Level 1:colcon.colcon_core.package_identification:_identify(src) by extensions ['colcon_pkg']
[0.607s] Level 1:colcon.colcon_core.package_identification:_identify(src) by extension 'colcon_pkg'
[0.608s] Level 1:colcon.colcon_core.package_identification:_identify(src) by extensions ['colcon_meta']
[0.608s] Level 1:colcon.colcon_core.package_identification:_identify(src) by extension 'colcon_meta'
[0.609s] Level 1:colcon.colcon_core.package_identification:_identify(src) by extensions ['ros']
[0.610s] Level 1:colcon.colcon_core.package_identification:_identify(src) by extension 'ros'
[0.616s] Level 1:colcon.colcon_core.package_identification:_identify(src) by extensions ['cmake', 'python']
[0.616s] Level 1:colcon.colcon_core.package_identification:_identify(src) by extension 'cmake'
[0.618s] Level 1:colcon.colcon_core.package_identification:_identify(src) by extension 'python'
[0.620s] Level 1:colcon.colcon_core.package_identification:_identify(src) by extensions ['python_setup_py']
[0.620s] Level 1:colcon.colcon_core.package_identification:_identify(src) by extension 'python_setup_py'
[0.627s] Level 1:colcon.colcon_core.package_identification:_identify(src/publisher_example) by extensions ['ignore', 'ignore_ament_install']
[0.627s] Level 1:colcon.colcon_core.package_identification:_identify(src/publisher_example) by extension 'ignore'
[0.629s] Level 1:colcon.colcon_core.package_identification:_identify(src/publisher_example) by extension 'ignore_ament_install'
[0.633s] Level 1:colcon.colcon_core.package_identification:_identify(src/publisher_example) by extensions ['colcon_pkg']
[0.634s] Level 1:colcon.colcon_core.package_identification:_identify(src/publisher_example) by extension 'colcon_pkg'
[0.637s] Level 1:colcon.colcon_core.package_identification:_identify(src/publisher_example) by extensions ['colcon_meta']
[0.637s] Level 1:colcon.colcon_core.package_identification:_identify(src/publisher_example) by extension 'colcon_meta'
[0.640s] Level 1:colcon.colcon_core.package_identification:_identify(src/publisher_example) by extensions ['ros']
[0.640s] Level 1:colcon.colcon_core.package_identification:_identify(src/publisher_example) by extension 'ros'
[0.667s] DEBUG:colcon.colcon_core.package_identification:Package 'src/publisher_example' with type 'ros.ament_cmake' and name 'publisher_example'
[0.668s] Level 1:colcon.colcon_core.package_discovery:discover_packages(recursive) using defaults
[0.668s] Level 1:colcon.colcon_core.package_discovery:discover_packages(ignore) discover
[0.669s] Level 1:colcon.colcon_core.package_discovery:discover_packages(ignore) using defaults
[0.669s] Level 1:colcon.colcon_core.package_discovery:discover_packages(path) discover
[0.669s] Level 1:colcon.colcon_core.package_discovery:discover_packages(path) using defaults
[0.756s] Level 1:colcon.colcon_core.package_discovery:discover_packages(prefix_path) check parameters
[0.756s] Level 1:colcon.colcon_core.package_discovery:discover_packages(prefix_path) discover
[0.820s] DEBUG:colcon.colcon_installed_package_information.package_discovery:Found 1 installed packages in /workspaces/vscode-docker/install
[0.822s] DEBUG:colcon.colcon_installed_package_information.package_discovery:Found 168 installed packages in /opt/ros/foxy
[0.824s] Level 1:colcon.colcon_core.package_discovery:discover_packages(prefix_path) using defaults
[0.909s] Level 5:colcon.colcon_core.verb:set package 'publisher_example' build argument 'cmake_args' from command line to 'None'
[0.909s] Level 5:colcon.colcon_core.verb:set package 'publisher_example' build argument 'cmake_target' from command line to 'None'
[0.910s] Level 5:colcon.colcon_core.verb:set package 'publisher_example' build argument 'cmake_target_skip_unavailable' from command line to 'False'
[0.910s] Level 5:colcon.colcon_core.verb:set package 'publisher_example' build argument 'cmake_clean_cache' from command line to 'False'
[0.911s] Level 5:colcon.colcon_core.verb:set package 'publisher_example' build argument 'cmake_clean_first' from command line to 'False'
[0.911s] Level 5:colcon.colcon_core.verb:set package 'publisher_example' build argument 'cmake_force_configure' from command line to 'False'
[0.912s] Level 5:colcon.colcon_core.verb:set package 'publisher_example' build argument 'ament_cmake_args' from command line to 'None'
[0.912s] Level 5:colcon.colcon_core.verb:set package 'publisher_example' build argument 'catkin_cmake_args' from command line to 'None'
[0.912s] Level 5:colcon.colcon_core.verb:set package 'publisher_example' build argument 'catkin_skip_building_tests' from command line to 'False'
[0.913s] DEBUG:colcon.colcon_core.verb:Building package 'publisher_example' with the following arguments: {'ament_cmake_args': None, 'build_base': '/workspaces/vscode-docker/build/publisher_example', 'catkin_cmake_args': None, 'catkin_skip_building_tests': False, 'cmake_args': None, 'cmake_clean_cache': False, 'cmake_clean_first': False, 'cmake_force_configure': False, 'cmake_target': None, 'cmake_target_skip_unavailable': False, 'install_base': '/workspaces/vscode-docker/install/publisher_example', 'merge_install': False, 'path': '/workspaces/vscode-docker/src/publisher_example', 'symlink_install': False, 'test_result_base': None}
[0.915s] INFO:colcon.colcon_core.executor:Executing jobs using 'parallel' executor
[0.922s] DEBUG:colcon.colcon_parallel_executor.executor.parallel:run_until_complete
[0.923s] INFO:colcon.colcon_ros.task.ament_cmake.build:Building ROS package in '/workspaces/vscode-docker/src/publisher_example' with build type 'ament_cmake'
[0.923s] INFO:colcon.colcon_cmake.task.cmake.build:Building CMake package in '/workspaces/vscode-docker/src/publisher_example'
[0.937s] INFO:colcon.colcon_core.plugin_system:Skipping extension 'colcon_core.shell.bat': Not used on non-Windows systems
[0.938s] INFO:colcon.colcon_core.shell:Skip shell extension 'powershell' for command environment: Not usable outside of PowerShell
[0.938s] DEBUG:colcon.colcon_core.shell:Skip shell extension 'dsv' for command environment
[1.121s] DEBUG:colcon.colcon_core.event_handler.log_command:Invoking command in '/workspaces/vscode-docker/build/publisher_example': CMAKE_PREFIX_PATH=${CMAKE_PREFIX_PATH}:/opt/ros/foxy /usr/bin/cmake --build /workspaces/vscode-docker/build/publisher_example -- -j8 -l8
[1.482s] DEBUG:colcon.colcon_core.event_handler.log_command:Invoked command in '/workspaces/vscode-docker/build/publisher_example' returned '0': CMAKE_PREFIX_PATH=${CMAKE_PREFIX_PATH}:/opt/ros/foxy /usr/bin/cmake --build /workspaces/vscode-docker/build/publisher_example -- -j8 -l8
[1.585s] DEBUG:colcon.colcon_core.event_handler.log_command:Invoking command in '/workspaces/vscode-docker/build/publisher_example': CMAKE_PREFIX_PATH=${CMAKE_PREFIX_PATH}:/opt/ros/foxy /usr/bin/cmake --install /workspaces/vscode-docker/build/publisher_example
[2.301s] Level 1:colcon.colcon_core.environment:create_environment_scripts_only(publisher_example)
[2.305s] DEBUG:colcon.colcon_core.event_handler.log_command:Invoked command in '/workspaces/vscode-docker/build/publisher_example' returned '0': CMAKE_PREFIX_PATH=${CMAKE_PREFIX_PATH}:/opt/ros/foxy /usr/bin/cmake --install /workspaces/vscode-docker/build/publisher_example
[2.311s] Level 1:colcon.colcon_core.environment:checking '/workspaces/vscode-docker/install/publisher_example' for CMake module files
[2.442s] Level 1:colcon.colcon_core.environment:checking '/workspaces/vscode-docker/install/publisher_example' for CMake config files
[2.526s] Level 1:colcon.colcon_core.shell:create_environment_hook('publisher_example', 'cmake_prefix_path')
[2.528s] INFO:colcon.colcon_core.shell:Creating environment hook '/workspaces/vscode-docker/install/publisher_example/share/publisher_example/hook/cmake_prefix_path.ps1'
[2.545s] INFO:colcon.colcon_core.shell:Creating environment descriptor '/workspaces/vscode-docker/install/publisher_example/share/publisher_example/hook/cmake_prefix_path.dsv'
[2.565s] INFO:colcon.colcon_core.shell:Creating environment hook '/workspaces/vscode-docker/install/publisher_example/share/publisher_example/hook/cmake_prefix_path.sh'
[2.589s] Level 1:colcon.colcon_core.environment:checking '/workspaces/vscode-docker/install/publisher_example/lib'
[2.594s] Level 1:colcon.colcon_core.environment:checking '/workspaces/vscode-docker/install/publisher_example/bin'
[2.595s] Level 1:colcon.colcon_core.environment:checking '/workspaces/vscode-docker/install/publisher_example/lib/pkgconfig/publisher_example.pc'
[2.598s] Level 1:colcon.colcon_core.environment:checking '/workspaces/vscode-docker/install/publisher_example/lib/python3.8/site-packages'
[2.601s] Level 1:colcon.colcon_core.environment:checking '/workspaces/vscode-docker/install/publisher_example/bin'
[2.606s] INFO:colcon.colcon_core.shell:Creating package script '/workspaces/vscode-docker/install/publisher_example/share/publisher_example/package.ps1'
[2.621s] INFO:colcon.colcon_core.shell:Creating package descriptor '/workspaces/vscode-docker/install/publisher_example/share/publisher_example/package.dsv'
[2.637s] INFO:colcon.colcon_core.shell:Creating package script '/workspaces/vscode-docker/install/publisher_example/share/publisher_example/package.sh'
[2.655s] INFO:colcon.colcon_core.shell:Creating package script '/workspaces/vscode-docker/install/publisher_example/share/publisher_example/package.bash'
[2.673s] INFO:colcon.colcon_core.shell:Creating package script '/workspaces/vscode-docker/install/publisher_example/share/publisher_example/package.zsh'
[2.691s] Level 1:colcon.colcon_core.environment:create_file_with_runtime_dependencies(/workspaces/vscode-docker/install/publisher_example/share/colcon-core/packages/publisher_example)
[2.772s] Level 1:colcon.colcon_core.environment:create_environment_scripts_only(publisher_example)
[2.775s] Level 1:colcon.colcon_core.environment:checking '/workspaces/vscode-docker/install/publisher_example' for CMake module files
[2.878s] Level 1:colcon.colcon_core.environment:checking '/workspaces/vscode-docker/install/publisher_example' for CMake config files
[2.985s] Level 1:colcon.colcon_core.shell:create_environment_hook('publisher_example', 'cmake_prefix_path')
[2.987s] INFO:colcon.colcon_core.shell:Creating environment hook '/workspaces/vscode-docker/install/publisher_example/share/publisher_example/hook/cmake_prefix_path.ps1'
[3.007s] INFO:colcon.colcon_core.shell:Creating environment descriptor '/workspaces/vscode-docker/install/publisher_example/share/publisher_example/hook/cmake_prefix_path.dsv'
[3.026s] INFO:colcon.colcon_core.shell:Creating environment hook '/workspaces/vscode-docker/install/publisher_example/share/publisher_example/hook/cmake_prefix_path.sh'
[3.050s] Level 1:colcon.colcon_core.environment:checking '/workspaces/vscode-docker/install/publisher_example/lib'
[3.056s] Level 1:colcon.colcon_core.environment:checking '/workspaces/vscode-docker/install/publisher_example/bin'
[3.058s] Level 1:colcon.colcon_core.environment:checking '/workspaces/vscode-docker/install/publisher_example/lib/pkgconfig/publisher_example.pc'
[3.060s] Level 1:colcon.colcon_core.environment:checking '/workspaces/vscode-docker/install/publisher_example/lib/python3.8/site-packages'
[3.063s] Level 1:colcon.colcon_core.environment:checking '/workspaces/vscode-docker/install/publisher_example/bin'
[3.068s] INFO:colcon.colcon_core.shell:Creating package script '/workspaces/vscode-docker/install/publisher_example/share/publisher_example/package.ps1'
[3.085s] INFO:colcon.colcon_core.shell:Creating package descriptor '/workspaces/vscode-docker/install/publisher_example/share/publisher_example/package.dsv'
[3.102s] INFO:colcon.colcon_core.shell:Creating package script '/workspaces/vscode-docker/install/publisher_example/share/publisher_example/package.sh'
[3.120s] INFO:colcon.colcon_core.shell:Creating package script '/workspaces/vscode-docker/install/publisher_example/share/publisher_example/package.bash'
[3.132s] INFO:colcon.colcon_core.shell:Creating package script '/workspaces/vscode-docker/install/publisher_example/share/publisher_example/package.zsh'
[3.141s] Level 1:colcon.colcon_core.environment:create_file_with_runtime_dependencies(/workspaces/vscode-docker/install/publisher_example/share/colcon-core/packages/publisher_example)
[3.156s] DEBUG:colcon.colcon_parallel_executor.executor.parallel:closing loop
[3.157s] DEBUG:colcon.colcon_parallel_executor.executor.parallel:loop closed
[3.158s] DEBUG:colcon.colcon_parallel_executor.executor.parallel:run_until_complete finished with '0'
[3.158s] DEBUG:colcon.colcon_core.event_reactor:joining thread
[3.194s] INFO:colcon.colcon_core.plugin_system:Skipping extension 'colcon_notification.desktop_notification.notify_send': Could not find 'notify-send'
[3.194s] INFO:colcon.colcon_core.plugin_system:Skipping extension 'colcon_notification.desktop_notification.terminal_notifier': Not used on non-Darwin systems
[3.194s] INFO:colcon.colcon_core.plugin_system:Skipping extension 'colcon_notification.desktop_notification.win32': Not used on non-Windows systems
[3.195s] INFO:colcon.colcon_notification.desktop_notification:Sending desktop notification using 'notify2'
[3.195s] DEBUG:colcon.colcon_notification.desktop_notification.notify2:Failed to initialize notify2: org.freedesktop.DBus.Error.NotSupported: Unable to autolaunch a dbus-daemon without a $DISPLAY for X11
[3.195s] DEBUG:colcon.colcon_core.event_reactor:joined thread
[3.199s] INFO:colcon.colcon_core.shell:Creating prefix script '/workspaces/vscode-docker/install/local_setup.ps1'
[3.209s] INFO:colcon.colcon_core.shell:Creating prefix util module '/workspaces/vscode-docker/install/_local_setup_util_ps1.py'
[3.219s] INFO:colcon.colcon_core.shell:Creating prefix chain script '/workspaces/vscode-docker/install/setup.ps1'
[3.243s] INFO:colcon.colcon_core.shell:Creating prefix script '/workspaces/vscode-docker/install/local_setup.sh'
[3.252s] INFO:colcon.colcon_core.shell:Creating prefix util module '/workspaces/vscode-docker/install/_local_setup_util_sh.py'
[3.259s] INFO:colcon.colcon_core.shell:Creating prefix chain script '/workspaces/vscode-docker/install/setup.sh'
[3.283s] INFO:colcon.colcon_core.shell:Creating prefix script '/workspaces/vscode-docker/install/local_setup.bash'
[3.290s] INFO:colcon.colcon_core.shell:Creating prefix chain script '/workspaces/vscode-docker/install/setup.bash'
[3.311s] INFO:colcon.colcon_core.shell:Creating prefix script '/workspaces/vscode-docker/install/local_setup.zsh'
[3.320s] INFO:colcon.colcon_core.shell:Creating prefix chain script '/workspaces/vscode-docker/install/setup.zsh'
