-- The C compiler identification is GNU 9.4.0
-- The CXX compiler identification is GNU 9.4.0
-- Check for working C compiler: /usr/bin/cc
-- Check for working C compiler: /usr/bin/cc -- works
-- Detecting C compiler ABI info
-- Detecting C compiler ABI info - done
-- Detecting C compile features
-- Detecting C compile features - done
-- Check for working CXX compiler: /usr/bin/c++
-- Check for working CXX compiler: /usr/bin/c++ -- works
-- Detecting CXX compiler ABI info
-- Detecting CXX compiler ABI info - done
-- Detecting CXX compile features
-- Detecting CXX compile features - done
-- Found ament_cmake: 0.9.11 (/opt/ros/foxy/share/ament_cmake/cmake)
-- Found PythonInterp: /usr/bin/python3 (found suitable version "3.8.10", minimum required is "3") 
-- Using PYTHON_EXECUTABLE: /usr/bin/python3
-- Found rclcpp: 2.4.2 (/opt/ros/foxy/share/rclcpp/cmake)
-- Using all available rosidl_typesupport_c: rosidl_typesupport_fastrtps_c;rosidl_typesupport_introspection_c
-- Found rosidl_adapter: 1.3.0 (/opt/ros/foxy/share/rosidl_adapter/cmake)
-- Found OpenSSL: /usr/lib/x86_64-linux-gnu/libcrypto.so (found version "1.1.1f")  
-- Found FastRTPS: /opt/ros/foxy/include  
-- Using all available rosidl_typesupport_cpp: rosidl_typesupport_fastrtps_cpp;rosidl_typesupport_introspection_cpp
-- Found rmw_implementation_cmake: 1.0.3 (/opt/ros/foxy/share/rmw_implementation_cmake/cmake)
-- Using RMW implementation 'rmw_fastrtps_cpp' as default
-- Looking for pthread.h
-- Looking for pthread.h - found
-- Performing Test CMAKE_HAVE_LIBC_PTHREAD
-- Performing Test CMAKE_HAVE_LIBC_PTHREAD - Failed
-- Looking for pthread_create in pthreads
-- Looking for pthread_create in pthreads - not found
-- Looking for pthread_create in pthread
-- Looking for pthread_create in pthread - found
-- Found Threads: TRUE  
-- Configuring done
-- Generating done
-- Build files have been written to: /workspaces/vscode-docker/build/publisher_example
[35m[1mScanning dependencies of target publisher[0m
[ 50%] [32mBuilding CXX object CMakeFiles/publisher.dir/src/publisher.cpp.o[0m
[100%] [32m[1mLinking CXX executable publisher[0m
[100%] Built target publisher
-- Install configuration: ""
-- Installing: /workspaces/vscode-docker/install/publisher_example/lib/publisher_example/publisher
-- Set runtime path of "/workspaces/vscode-docker/install/publisher_example/lib/publisher_example/publisher" to ""
-- Installing: /workspaces/vscode-docker/install/publisher_example/share/ament_index/resource_index/package_run_dependencies/publisher_example
-- Installing: /workspaces/vscode-docker/install/publisher_example/share/ament_index/resource_index/parent_prefix_path/publisher_example
-- Installing: /workspaces/vscode-docker/install/publisher_example/share/publisher_example/environment/ament_prefix_path.sh
-- Installing: /workspaces/vscode-docker/install/publisher_example/share/publisher_example/environment/ament_prefix_path.dsv
-- Installing: /workspaces/vscode-docker/install/publisher_example/share/publisher_example/environment/path.sh
-- Installing: /workspaces/vscode-docker/install/publisher_example/share/publisher_example/environment/path.dsv
-- Installing: /workspaces/vscode-docker/install/publisher_example/share/publisher_example/local_setup.bash
-- Installing: /workspaces/vscode-docker/install/publisher_example/share/publisher_example/local_setup.sh
-- Installing: /workspaces/vscode-docker/install/publisher_example/share/publisher_example/local_setup.zsh
-- Installing: /workspaces/vscode-docker/install/publisher_example/share/publisher_example/local_setup.dsv
-- Installing: /workspaces/vscode-docker/install/publisher_example/share/publisher_example/package.dsv
-- Installing: /workspaces/vscode-docker/install/publisher_example/share/ament_index/resource_index/packages/publisher_example
-- Installing: /workspaces/vscode-docker/install/publisher_example/share/publisher_example/cmake/publisher_exampleConfig.cmake
-- Installing: /workspaces/vscode-docker/install/publisher_example/share/publisher_example/cmake/publisher_exampleConfig-version.cmake
-- Installing: /workspaces/vscode-docker/install/publisher_example/share/publisher_example/package.xml
