[0.159s] Invoking command in '/workspaces/vscode-docker/build/publisher_example': CMAKE_PREFIX_PATH=${CMAKE_PREFIX_PATH}:/opt/ros/foxy /usr/bin/cmake --build /workspaces/vscode-docker/build/publisher_example -- -j8 -l8
[0.493s] [100%] Built target publisher
[0.535s] Invoked command in '/workspaces/vscode-docker/build/publisher_example' returned '0': CMAKE_PREFIX_PATH=${CMAKE_PREFIX_PATH}:/opt/ros/foxy /usr/bin/cmake --build /workspaces/vscode-docker/build/publisher_example -- -j8 -l8
[0.630s] Invoking command in '/workspaces/vscode-docker/build/publisher_example': CMAKE_PREFIX_PATH=${CMAKE_PREFIX_PATH}:/opt/ros/foxy /usr/bin/cmake --install /workspaces/vscode-docker/build/publisher_example
[0.651s] -- Install configuration: ""
[0.722s] -- Up-to-date: /workspaces/vscode-docker/install/publisher_example/lib/publisher_example/publisher
[0.843s] -- Up-to-date: /workspaces/vscode-docker/install/publisher_example/share/ament_index/resource_index/package_run_dependencies/publisher_example
[0.899s] -- Up-to-date: /workspaces/vscode-docker/install/publisher_example/share/ament_index/resource_index/parent_prefix_path/publisher_example
[0.930s] -- Up-to-date: /workspaces/vscode-docker/install/publisher_example/share/publisher_example/environment/ament_prefix_path.sh
[0.965s] -- Up-to-date: /workspaces/vscode-docker/install/publisher_example/share/publisher_example/environment/ament_prefix_path.dsv
[0.988s] -- Up-to-date: /workspaces/vscode-docker/install/publisher_example/share/publisher_example/environment/path.sh
[1.030s] -- Up-to-date: /workspaces/vscode-docker/install/publisher_example/share/publisher_example/environment/path.dsv
[1.060s] -- Up-to-date: /workspaces/vscode-docker/install/publisher_example/share/publisher_example/local_setup.bash
[1.089s] -- Up-to-date: /workspaces/vscode-docker/install/publisher_example/share/publisher_example/local_setup.sh
[1.122s] -- Up-to-date: /workspaces/vscode-docker/install/publisher_example/share/publisher_example/local_setup.zsh
[1.153s] -- Up-to-date: /workspaces/vscode-docker/install/publisher_example/share/publisher_example/local_setup.dsv
[1.180s] -- Installing: /workspaces/vscode-docker/install/publisher_example/share/publisher_example/package.dsv
[1.298s] -- Up-to-date: /workspaces/vscode-docker/install/publisher_example/share/ament_index/resource_index/packages/publisher_example
[1.335s] -- Up-to-date: /workspaces/vscode-docker/install/publisher_example/share/publisher_example/cmake/publisher_exampleConfig.cmake
[1.361s] -- Up-to-date: /workspaces/vscode-docker/install/publisher_example/share/publisher_example/cmake/publisher_exampleConfig-version.cmake
[1.396s] -- Up-to-date: /workspaces/vscode-docker/install/publisher_example/share/publisher_example/package.xml
[1.414s] Invoked command in '/workspaces/vscode-docker/build/publisher_example' returned '0': CMAKE_PREFIX_PATH=${CMAKE_PREFIX_PATH}:/opt/ros/foxy /usr/bin/cmake --install /workspaces/vscode-docker/build/publisher_example
